Log file open, 06/01/21 09:53:52
LogWindows: Failed to load 'aqProf.dll' (GetLastError=126)
LogWindows: File 'aqProf.dll' does not exist
LogWindows: Failed to load 'VtuneApi.dll' (GetLastError=126)
LogWindows: File 'VtuneApi.dll' does not exist
LogWindows: Failed to load 'VtuneApi32e.dll' (GetLastError=126)
LogWindows: File 'VtuneApi32e.dll' does not exist
LogConsoleResponse: Display: Failed to find resolution value strings in scalability ini. Falling back to default.
LogInit: Display: Running engine for game: FPSscene
LogPakFile: Registered encryption key '00000000000000000000000000000000': 0 pak files mounted, 0 remain pending
LogPlatformFile: Not using cached read wrapper
LogTaskGraph: Started task graph with 5 named threads and 47 total threads with 3 sets of task threads.
LogStats: Stats thread started at 0.751576
LogD3D11RHI: Loaded GFSDK_Aftermath_Lib.x64.dll
LogICUInternationalization: ICU TimeZone Detection - Raw Offset: +8:00, Platform Override: ''
LogPluginManager: Mounting plugin Paper2D
LogPluginManager: Mounting plugin AISupport
LogPluginManager: Mounting plugin LightPropagationVolume
LogPluginManager: Mounting plugin ActorLayerUtilities
LogPluginManager: Mounting plugin AnimationSharing
LogPluginManager: Mounting plugin CLionSourceCodeAccess
LogPluginManager: Mounting plugin CodeLiteSourceCodeAccess
LogPluginManager: Mounting plugin GitSourceControl
LogPluginManager: Mounting plugin KDevelopSourceCodeAccess
LogPluginManager: Mounting plugin NullSourceCodeAccess
LogPluginManager: Mounting plugin PerforceSourceControl
LogPluginManager: Mounting plugin SubversionSourceControl
LogPluginManager: Mounting plugin UObjectPlugin
LogPluginManager: Mounting plugin VisualStudioCodeSourceCodeAccess
LogPluginManager: Mounting plugin VisualStudioSourceCodeAccess
LogPluginManager: Mounting plugin XCodeSourceCodeAccess
LogPluginManager: Mounting plugin AssetManagerEditor
LogPluginManager: Mounting plugin CryptoKeys
LogPluginManager: Mounting plugin DataValidation
LogPluginManager: Mounting plugin FacialAnimation
LogPluginManager: Mounting plugin GameplayTagsEditor
LogPluginManager: Mounting plugin MacGraphicsSwitching
LogPluginManager: Mounting plugin MaterialAnalyzer
LogPluginManager: Mounting plugin MobileLauncherProfileWizard
LogPluginManager: Mounting plugin PluginBrowser
LogPluginManager: Mounting plugin SpeedTreeImporter
LogPluginManager: Mounting plugin DatasmithContent
LogPluginManager: Mounting plugin VariantManagerContent
LogPluginManager: Mounting plugin AlembicImporter
LogPluginManager: Mounting plugin AppleImageUtils
LogPluginManager: Mounting plugin AppleVision
LogPluginManager: Mounting plugin BackChannel
LogPluginManager: Mounting plugin CharacterAI
LogPluginManager: Mounting plugin GeometryCache
LogPluginManager: Mounting plugin HTML5Networking
LogPluginManager: Mounting plugin ProxyLODPlugin
LogPluginManager: Mounting plugin SkeletalReduction
LogPluginManager: Mounting plugin MagicLeap
LogPluginManager: Mounting plugin MagicLeapMedia
LogPluginManager: Mounting plugin AndroidMedia
LogPluginManager: Mounting plugin AvfMedia
LogPluginManager: Mounting plugin ImgMedia
LogPluginManager: Mounting plugin LinearTimecode
LogPluginManager: Mounting plugin MediaCompositing
LogPluginManager: Mounting plugin MediaPlayerEditor
LogPluginManager: Mounting plugin WebMMedia
LogPluginManager: Mounting plugin WmfMedia
LogPluginManager: Mounting plugin TcpMessaging
LogPluginManager: Mounting plugin UdpMessaging
LogPluginManager: Mounting plugin ActorSequence
LogPluginManager: Mounting plugin LevelSequenceEditor
LogPluginManager: Mounting plugin MatineeToLevelSequence
LogPluginManager: Mounting plugin NetcodeUnitTest
LogPluginManager: Mounting plugin NUTUnrealEngine4
LogPluginManager: Mounting plugin OnlineSubsystemGooglePlay
LogPluginManager: Mounting plugin OnlineSubsystemIOS
LogPluginManager: Mounting plugin OnlineSubsystem
LogPluginManager: Mounting plugin OnlineSubsystemNull
LogPluginManager: Mounting plugin OnlineSubsystemUtils
LogPluginManager: Mounting plugin LauncherChunkInstaller
LogPluginManager: Mounting plugin AndroidDeviceProfileSelector
LogPluginManager: Mounting plugin AndroidMoviePlayer
LogPluginManager: Mounting plugin AndroidPermission
LogPluginManager: Mounting plugin AppleMoviePlayer
LogPluginManager: Mounting plugin ArchVisCharacter
LogPluginManager: Mounting plugin AudioCapture
LogPluginManager: Mounting plugin CableComponent
LogPluginManager: Mounting plugin CustomMeshComponent
LogPluginManager: Mounting plugin EditableMesh
LogPluginManager: Mounting plugin ExampleDeviceProfileSelector
LogPluginManager: Mounting plugin Firebase
LogPluginManager: Mounting plugin GoogleCloudMessaging
LogPluginManager: Mounting plugin IOSDeviceProfileSelector
LogPluginManager: Mounting plugin LinuxDeviceProfileSelector
LogPluginManager: Mounting plugin LocationServicesBPLibrary
LogPluginManager: Mounting plugin MobilePatchingUtils
LogPluginManager: Mounting plugin OculusVR
LogPluginManager: Mounting plugin PhysXVehicles
LogPluginManager: Mounting plugin ProceduralMeshComponent
LogPluginManager: Mounting plugin RuntimePhysXCooking
LogPluginManager: Mounting plugin SignificanceManager
LogPluginManager: Mounting plugin SteamVR
LogPluginManager: Mounting plugin WebMMoviePlayer
LogPluginManager: Mounting plugin WindowsMoviePlayer
LogInit: Using libcurl 7.55.1-DEV
LogInit:  - built for x86_64-pc-win32
LogInit:  - supports SSL with OpenSSL/1.1.1
LogInit:  - supports HTTP deflate (compression) using libz 1.2.8
LogInit:  - other features:
LogInit:      CURL_VERSION_SSL
LogInit:      CURL_VERSION_LIBZ
LogInit:      CURL_VERSION_IPV6
LogInit:      CURL_VERSION_ASYNCHDNS
LogInit:      CURL_VERSION_LARGEFILE
LogInit:      CURL_VERSION_IDN
LogInit:  CurlRequestOptions (configurable via config and command line):
LogInit:  - bVerifyPeer = true  - Libcurl will verify peer certificate
LogInit:  - bUseHttpProxy = false  - Libcurl will NOT use HTTP proxy
LogInit:  - bDontReuseConnections = false  - Libcurl will reuse connections
LogInit:  - MaxHostConnections = 16  - Libcurl will limit the number of connections to a host
LogInit:  - LocalHostAddr = Default
LogInit:  - BufferSize = 65536
LogInit: WinSock: version 1.1 (2.2), MaxSocks=32767, MaxUdp=65467
LogInit: Build: ++UE4+Release-4.22-CL-7053642
LogInit: Engine Version: 4.22.3-7053642+++UE4+Release-4.22
LogInit: Compatible Engine Version: 4.22.0-5660361+++UE4+Release-4.22
LogInit: Net CL: 5660361
LogInit: OS: Windows 10 (Release 2009) (), CPU: Intel(R) Core(TM) i7-10700 CPU @ 2.90GHz, GPU: NVIDIA GeForce RTX 2060 SUPER
LogInit: Compiled (64-bit): Jun 18 2019 03:09:11
LogInit: Compiled with Visual C++: 19.16.27025.01
LogInit: Build Configuration: Development
LogInit: Branch Name: ++UE4+Release-4.22
LogInit: Command Line:  -EpicPortal -epicusername=WhoKnowssssss -epicuserid=6989794ad0e84e2ab208fc21357e3969 -epiclocale=en
LogInit: Base Directory: C:/Program Files/Epic Games/UE_4.22/Engine/Binaries/Win64/
LogInit: Installed Engine Build: 1
LogDevObjectVersion: Number of dev versions registered: 23
LogDevObjectVersion:   Dev-Blueprints (B0D832E4-1F89-4F0D-ACCF-7EB736FD4AA2): 10
LogDevObjectVersion:   Dev-Build (E1C64328-A22C-4D53-A36C-8E866417BD8C): 0
LogDevObjectVersion:   Dev-Core (375EC13C-06E4-48FB-B500-84F0262A717E): 3
LogDevObjectVersion:   Dev-Editor (E4B068ED-F494-42E9-A231-DA0B2E46BB41): 30
LogDevObjectVersion:   Dev-Framework (CFFC743F-43B0-4480-9391-14DF171D2073): 35
LogDevObjectVersion:   Dev-Mobile (B02B49B5-BB20-44E9-A304-32B752E40360): 2
LogDevObjectVersion:   Dev-Networking (A4E4105C-59A1-49B5-A7C5-40C4547EDFEE): 0
LogDevObjectVersion:   Dev-Online (39C831C9-5AE6-47DC-9A44-9C173E1C8E7C): 0
LogDevObjectVersion:   Dev-Physics (78F01B33-EBEA-4F98-B9B4-84EACCB95AA2): 0
LogDevObjectVersion:   Dev-Platform (6631380F-2D4D-43E0-8009-CF276956A95A): 0
LogDevObjectVersion:   Dev-Rendering (12F88B9F-8875-4AFC-A67C-D90C383ABD29): 28
LogDevObjectVersion:   Dev-Sequencer (7B5AE74C-D270-4C10-A958-57980B212A5A): 11
LogDevObjectVersion:   Dev-VR (D7296918-1DD6-4BDD-9DE2-64A83CC13884): 2
LogDevObjectVersion:   Dev-LoadTimes (C2A15278-BFE7-4AFE-6C17-90FF531DF755): 1
LogDevObjectVersion:   Private-Geometry (6EACA3D4-40EC-4CC1-B786-8BED09428FC5): 3
LogDevObjectVersion:   Dev-AnimPhys (29E575DD-E0A3-4627-9D10-D276232CDCEA): 17
LogDevObjectVersion:   Dev-Anim (AF43A65D-7FD3-4947-9873-3E8ED9C1BB05): 2
LogDevObjectVersion:   Dev-ReflectionCapture (6B266CEC-1EC7-4B8F-A30B-E4D90942FC07): 1
LogDevObjectVersion:   Dev-Automation (0DF73D61-A23F-47EA-B727-89E90C41499A): 1
LogDevObjectVersion:   FortniteMain (601D1886-AC64-4F84-AA16-D3DE0DEAC7D6): 25
LogDevObjectVersion:   Dev-Enterprise (9DFFBCD6-494F-0158-E221-12823C92A888): 6
LogDevObjectVersion:   Dev-Niagara (F2AED0AC-9AFE-416F-8664-AA7FFA26D6FC): 1
LogDevObjectVersion:   Dev-Destruction (174F1F0B-B4C6-45A5-B13F-2EE8D0FB917D): 2
LogInit: Presizing for max 16777216 objects, including 0 objects not considered by GC, pre-allocating 0 bytes for permanent pool.
LogInit: Object subsystem initialized
LogConfig: Setting CVar [[con.DebugEarlyDefault:1]]
LogConfig: Setting CVar [[r.setres:1280x720]]
[2021.06.01-01.53.52:558][  0]LogConfig: Setting CVar [[r.VSync:0]]
[2021.06.01-01.53.52:558][  0]LogConfig: Setting CVar [[r.RHICmdBypass:0]]
[2021.06.01-01.53.52:558][  0]LogConfig: Applying CVar settings from Section [/Script/Engine.RendererSettings] File [C:/Users/haytamhuang/Documents/Unreal Projects/FPSscene/Saved/Config/Windows/Engine.ini]
[2021.06.01-01.53.52:558][  0]LogConfig: Setting CVar [[r.GPUCrashDebugging:0]]
[2021.06.01-01.53.52:558][  0]LogConfig: Applying CVar settings from Section [/Script/Engine.RendererOverrideSettings] File [C:/Users/haytamhuang/Documents/Unreal Projects/FPSscene/Saved/Config/Windows/Engine.ini]
[2021.06.01-01.53.52:558][  0]LogConfig: Applying CVar settings from Section [/Script/Engine.StreamingSettings] File [C:/Users/haytamhuang/Documents/Unreal Projects/FPSscene/Saved/Config/Windows/Engine.ini]
[2021.06.01-01.53.52:558][  0]LogConfig: Setting CVar [[s.MinBulkDataSizeForAsyncLoading:131072]]
[2021.06.01-01.53.52:558][  0]LogConfig: Setting CVar [[s.AsyncLoadingThreadEnabled:0]]
[2021.06.01-01.53.52:558][  0]LogConfig: Setting CVar [[s.EventDrivenLoaderEnabled:1]]
[2021.06.01-01.53.52:558][  0]LogConfig: Setting CVar [[s.WarnIfTimeLimitExceeded:0]]
[2021.06.01-01.53.52:558][  0]LogConfig: Setting CVar [[s.TimeLimitExceededMultiplier:1.5]]
[2021.06.01-01.53.52:558][  0]LogConfig: Setting CVar [[s.TimeLimitExceededMinTime:0.005]]
[2021.06.01-01.53.52:558][  0]LogConfig: Setting CVar [[s.UseBackgroundLevelStreaming:1]]
[2021.06.01-01.53.52:558][  0]LogConfig: Setting CVar [[s.PriorityAsyncLoadingExtraTime:15.0]]
[2021.06.01-01.53.52:558][  0]LogConfig: Setting CVar [[s.LevelStreamingActorsUpdateTimeLimit:5.0]]
[2021.06.01-01.53.52:558][  0]LogConfig: Setting CVar [[s.PriorityLevelStreamingActorsUpdateExtraTime:5.0]]
[2021.06.01-01.53.52:558][  0]LogConfig: Setting CVar [[s.LevelStreamingComponentsRegistrationGranularity:10]]
[2021.06.01-01.53.52:559][  0]LogConfig: Setting CVar [[s.UnregisterComponentsTimeLimit:1.0]]
[2021.06.01-01.53.52:559][  0]LogConfig: Setting CVar [[s.LevelStreamingComponentsUnregistrationGranularity:5]]
[2021.06.01-01.53.52:559][  0]LogConfig: Applying CVar settings from Section [/Script/Engine.GarbageCollectionSettings] File [C:/Users/haytamhuang/Documents/Unreal Projects/FPSscene/Saved/Config/Windows/Engine.ini]
[2021.06.01-01.53.52:559][  0]LogConfig: Setting CVar [[gc.MaxObjectsNotConsideredByGC:1]]
[2021.06.01-01.53.52:559][  0]LogConfig: Setting CVar [[gc.SizeOfPermanentObjectPool:0]]
[2021.06.01-01.53.52:559][  0]LogConfig: Setting CVar [[gc.FlushStreamingOnGC:0]]
[2021.06.01-01.53.52:559][  0]LogConfig: Setting CVar [[gc.NumRetriesBeforeForcingGC:10]]
[2021.06.01-01.53.52:559][  0]LogConfig: Setting CVar [[gc.AllowParallelGC:1]]
[2021.06.01-01.53.52:559][  0]LogConfig: Setting CVar [[gc.TimeBetweenPurgingPendingKillObjects:61.1]]
[2021.06.01-01.53.52:559][  0]LogConfig: Setting CVar [[gc.MaxObjectsInEditor:16777216]]
[2021.06.01-01.53.52:559][  0]LogConfig: Setting CVar [[gc.IncrementalBeginDestroyEnabled:1]]
[2021.06.01-01.53.52:559][  0]LogConfig: Setting CVar [[gc.CreateGCClusters:1]]
[2021.06.01-01.53.52:559][  0]LogConfig: Setting CVar [[gc.MinGCClusterSize:5]]
[2021.06.01-01.53.52:559][  0]LogConfig: Setting CVar [[gc.ActorClusteringEnabled:0]]
[2021.06.01-01.53.52:559][  0]LogConfig: Setting CVar [[gc.BlueprintClusteringEnabled:0]]
[2021.06.01-01.53.52:559][  0]LogConfig: Setting CVar [[gc.UseDisregardForGCOnDedicatedServers:0]]
[2021.06.01-01.53.52:559][  0]LogConfig: Applying CVar settings from Section [/Script/Engine.NetworkSettings] File [C:/Users/haytamhuang/Documents/Unreal Projects/FPSscene/Saved/Config/Windows/Engine.ini]
[2021.06.01-01.53.52:559][  0]LogConfig: Applying CVar settings from Section [/Script/UnrealEd.CookerSettings] File [C:/Users/haytamhuang/Documents/Unreal Projects/FPSscene/Saved/Config/Windows/Engine.ini]
[2021.06.01-01.53.52:565][  0]LogConfig: Applying CVar settings from Section [ViewDistanceQuality@3] File [C:/Users/haytamhuang/Documents/Unreal Projects/FPSscene/Saved/Config/Windows/Scalability.ini]
[2021.06.01-01.53.52:565][  0]LogConfig: Setting CVar [[r.SkeletalMeshLODBias:0]]
[2021.06.01-01.53.52:565][  0]LogConfig: Setting CVar [[r.ViewDistanceScale:1.0]]
[2021.06.01-01.53.52:565][  0]LogConfig: Applying CVar settings from Section [AntiAliasingQuality@3] File [C:/Users/haytamhuang/Documents/Unreal Projects/FPSscene/Saved/Config/Windows/Scalability.ini]
[2021.06.01-01.53.52:565][  0]LogConfig: Setting CVar [[r.PostProcessAAQuality:4]]
[2021.06.01-01.53.52:565][  0]LogConfig: Applying CVar settings from Section [ShadowQuality@3] File [C:/Users/haytamhuang/Documents/Unreal Projects/FPSscene/Saved/Config/Windows/Scalability.ini]
[2021.06.01-01.53.52:565][  0]LogConfig: Setting CVar [[r.LightFunctionQuality:1]]
[2021.06.01-01.53.52:565][  0]LogConfig: Setting CVar [[r.ShadowQuality:5]]
[2021.06.01-01.53.52:565][  0]LogConfig: Setting CVar [[r.Shadow.CSM.MaxCascades:10]]
[2021.06.01-01.53.52:565][  0]LogConfig: Setting CVar [[r.Shadow.MaxResolution:2048]]
[2021.06.01-01.53.52:565][  0]LogConfig: Setting CVar [[r.Shadow.MaxCSMResolution:2048]]
[2021.06.01-01.53.52:565][  0]LogConfig: Setting CVar [[r.Shadow.RadiusThreshold:0.01]]
[2021.06.01-01.53.52:565][  0]LogConfig: Setting CVar [[r.Shadow.DistanceScale:1.0]]
[2021.06.01-01.53.52:565][  0]LogConfig: Setting CVar [[r.Shadow.CSM.TransitionScale:1.0]]
[2021.06.01-01.53.52:565][  0]LogConfig: Setting CVar [[r.Shadow.PreShadowResolutionFactor:1.0]]
[2021.06.01-01.53.52:565][  0]LogConfig: Setting CVar [[r.DistanceFieldShadowing:1]]
[2021.06.01-01.53.52:565][  0]LogConfig: Setting CVar [[r.DistanceFieldAO:1]]
[2021.06.01-01.53.52:565][  0]LogConfig: Setting CVar [[r.AOQuality:2]]
[2021.06.01-01.53.52:565][  0]LogConfig: Setting CVar [[r.VolumetricFog:1]]
[2021.06.01-01.53.52:565][  0]LogConfig: Setting CVar [[r.VolumetricFog.GridPixelSize:8]]
[2021.06.01-01.53.52:565][  0]LogConfig: Setting CVar [[r.VolumetricFog.GridSizeZ:128]]
[2021.06.01-01.53.52:565][  0]LogConfig: Setting CVar [[r.VolumetricFog.HistoryMissSupersampleCount:4]]
[2021.06.01-01.53.52:566][  0]LogConfig: Setting CVar [[r.LightMaxDrawDistanceScale:1]]
[2021.06.01-01.53.52:566][  0]LogConfig: Setting CVar [[r.CapsuleShadows:1]]
[2021.06.01-01.53.52:566][  0]LogConfig: Applying CVar settings from Section [PostProcessQuality@3] File [C:/Users/haytamhuang/Documents/Unreal Projects/FPSscene/Saved/Config/Windows/Scalability.ini]
[2021.06.01-01.53.52:566][  0]LogConfig: Setting CVar [[r.MotionBlurQuality:4]]
[2021.06.01-01.53.52:566][  0]LogConfig: Setting CVar [[r.AmbientOcclusionMipLevelFactor:0.4]]
[2021.06.01-01.53.52:566][  0]LogConfig: Setting CVar [[r.AmbientOcclusionMaxQuality:100]]
[2021.06.01-01.53.52:566][  0]LogConfig: Setting CVar [[r.AmbientOcclusionLevels:-1]]
[2021.06.01-01.53.52:566][  0]LogConfig: Setting CVar [[r.AmbientOcclusionRadiusScale:1.0]]
[2021.06.01-01.53.52:566][  0]LogConfig: Setting CVar [[r.DepthOfFieldQuality:2]]
[2021.06.01-01.53.52:566][  0]LogConfig: Setting CVar [[r.RenderTargetPoolMin:400]]
[2021.06.01-01.53.52:566][  0]LogConfig: Setting CVar [[r.LensFlareQuality:2]]
[2021.06.01-01.53.52:566][  0]LogConfig: Setting CVar [[r.SceneColorFringeQuality:1]]
[2021.06.01-01.53.52:566][  0]LogConfig: Setting CVar [[r.EyeAdaptationQuality:2]]
[2021.06.01-01.53.52:566][  0]LogConfig: Setting CVar [[r.BloomQuality:5]]
[2021.06.01-01.53.52:566][  0]LogConfig: Setting CVar [[r.FastBlurThreshold:100]]
[2021.06.01-01.53.52:566][  0]LogConfig: Setting CVar [[r.Upscale.Quality:3]]
[2021.06.01-01.53.52:566][  0]LogConfig: Setting CVar [[r.Tonemapper.GrainQuantization:1]]
[2021.06.01-01.53.52:566][  0]LogConfig: Setting CVar [[r.LightShaftQuality:1]]
[2021.06.01-01.53.52:566][  0]LogConfig: Setting CVar [[r.Filter.SizeScale:1]]
[2021.06.01-01.53.52:566][  0]LogConfig: Setting CVar [[r.Tonemapper.Quality:5]]
[2021.06.01-01.53.52:566][  0]LogConfig: Setting CVar [[r.DOF.Gather.AccumulatorQuality:1        ; higher gathering accumulator quality]]
[2021.06.01-01.53.52:566][  0]LogConfig: Setting CVar [[r.DOF.Gather.PostfilterMethod:1          ; Median3x3 postfilering method]]
[2021.06.01-01.53.52:566][  0]LogConfig: Setting CVar [[r.DOF.Gather.EnableBokehSettings:0       ; no bokeh simulation when gathering]]
[2021.06.01-01.53.52:566][  0]LogConfig: Setting CVar [[r.DOF.Gather.RingCount:4                 ; medium number of samples when gathering]]
[2021.06.01-01.53.52:566][  0]LogConfig: Setting CVar [[r.DOF.Scatter.ForegroundCompositing:1    ; additive foreground scattering]]
[2021.06.01-01.53.52:566][  0]LogConfig: Setting CVar [[r.DOF.Scatter.BackgroundCompositing:2    ; additive background scattering]]
[2021.06.01-01.53.52:566][  0]LogConfig: Setting CVar [[r.DOF.Scatter.EnableBokehSettings:1      ; bokeh simulation when scattering]]
[2021.06.01-01.53.52:566][  0]LogConfig: Setting CVar [[r.DOF.Scatter.MaxSpriteRatio:0.1         ; only a maximum of 10% of scattered bokeh]]
[2021.06.01-01.53.52:566][  0]LogConfig: Setting CVar [[r.DOF.Recombine.Quality:1                ; cheap slight out of focus]]
[2021.06.01-01.53.52:566][  0]LogConfig: Setting CVar [[r.DOF.Recombine.EnableBokehSettings:0    ; no bokeh simulation on slight out of focus]]
[2021.06.01-01.53.52:566][  0]LogConfig: Setting CVar [[r.DOF.TemporalAAQuality:1                ; more stable temporal accumulation]]
[2021.06.01-01.53.52:566][  0]LogConfig: Setting CVar [[r.DOF.Kernel.MaxForegroundRadius:0.025]]
[2021.06.01-01.53.52:566][  0]LogConfig: Setting CVar [[r.DOF.Kernel.MaxBackgroundRadius:0.025]]
[2021.06.01-01.53.52:566][  0]LogConfig: Applying CVar settings from Section [TextureQuality@3] File [C:/Users/haytamhuang/Documents/Unreal Projects/FPSscene/Saved/Config/Windows/Scalability.ini]
[2021.06.01-01.53.52:566][  0]LogConfig: Setting CVar [[r.Streaming.MipBias:0]]
[2021.06.01-01.53.52:566][  0]LogConfig: Setting CVar [[r.Streaming.AmortizeCPUToGPUCopy:0]]
[2021.06.01-01.53.52:566][  0]LogConfig: Setting CVar [[r.Streaming.MaxNumTexturesToStreamPerFrame:0]]
[2021.06.01-01.53.52:566][  0]LogConfig: Setting CVar [[r.Streaming.Boost:1]]
[2021.06.01-01.53.52:566][  0]LogConfig: Setting CVar [[r.MaxAnisotropy:8]]
[2021.06.01-01.53.52:566][  0]LogConfig: Setting CVar [[r.Streaming.LimitPoolSizeToVRAM:0]]
[2021.06.01-01.53.52:566][  0]LogConfig: Setting CVar [[r.Streaming.PoolSize:1000]]
[2021.06.01-01.53.52:566][  0]LogConfig: Setting CVar [[r.Streaming.MaxEffectiveScreenSize:0]]
[2021.06.01-01.53.52:566][  0]LogConfig: Applying CVar settings from Section [EffectsQuality@3] File [C:/Users/haytamhuang/Documents/Unreal Projects/FPSscene/Saved/Config/Windows/Scalability.ini]
[2021.06.01-01.53.52:566][  0]LogConfig: Setting CVar [[r.TranslucencyLightingVolumeDim:64]]
[2021.06.01-01.53.52:566][  0]LogConfig: Setting CVar [[r.RefractionQuality:2]]
[2021.06.01-01.53.52:566][  0]LogConfig: Setting CVar [[r.SSR.Quality:3]]
[2021.06.01-01.53.52:566][  0]LogConfig: Setting CVar [[r.SceneColorFormat:4]]
[2021.06.01-01.53.52:566][  0]LogConfig: Setting CVar [[r.DetailMode:2]]
[2021.06.01-01.53.52:566][  0]LogConfig: Setting CVar [[r.TranslucencyVolumeBlur:1]]
[2021.06.01-01.53.52:566][  0]LogConfig: Setting CVar [[r.MaterialQualityLevel:1 ; High quality]]
[2021.06.01-01.53.52:566][  0]LogConfig: Setting CVar [[r.SSS.Scale:1]]
[2021.06.01-01.53.52:566][  0]LogConfig: Setting CVar [[r.SSS.SampleSet:2]]
[2021.06.01-01.53.52:566][  0]LogConfig: Setting CVar [[r.SSS.Quality:1]]
[2021.06.01-01.53.52:566][  0]LogConfig: Setting CVar [[r.SSS.HalfRes:1]]
[2021.06.01-01.53.52:566][  0]LogConfig: Setting CVar [[r.EmitterSpawnRateScale:1.0]]
[2021.06.01-01.53.52:566][  0]LogConfig: Setting CVar [[r.ParticleLightQuality:2]]
[2021.06.01-01.53.52:566][  0]LogConfig: Applying CVar settings from Section [FoliageQuality@3] File [C:/Users/haytamhuang/Documents/Unreal Projects/FPSscene/Saved/Config/Windows/Scalability.ini]
[2021.06.01-01.53.52:566][  0]LogConfig: Setting CVar [[foliage.DensityScale:1.0]]
[2021.06.01-01.53.52:566][  0]LogConfig: Setting CVar [[grass.DensityScale:1.0]]
[2021.06.01-01.53.52:566][  0]LogInit: Selected Device Profile: [Windows]
[2021.06.01-01.53.52:566][  0]LogInit: Applying CVar settings loaded from the selected device profile: [Windows]
[2021.06.01-01.53.52:574][  0]LogHAL: Display: Platform has ~ 32 GB [34125086720 / 34359738368 / 32], which maps to Largest [LargestMinGB=32, LargerMinGB=12, DefaultMinGB=8, SmallerMinGB=6, SmallestMinGB=0)
[2021.06.01-01.53.52:574][  0]LogConfig: Setting CVar [[r.Vulkan.UseRealUBs:0		; Required until we fix HLR fall-out]]
[2021.06.01-01.53.52:574][  0]LogInit: Going up to parent DeviceProfile []
[2021.06.01-01.53.52:574][  0]LogConfig: Applying CVar settings from Section [ViewDistanceQuality@3] File [C:/Users/haytamhuang/Documents/Unreal Projects/FPSscene/Saved/Config/Windows/Scalability.ini]
[2021.06.01-01.53.52:574][  0]LogConfig: Setting CVar [[r.SkeletalMeshLODBias:0]]
[2021.06.01-01.53.52:574][  0]LogConfig: Setting CVar [[r.ViewDistanceScale:1.0]]
[2021.06.01-01.53.52:574][  0]LogConfig: Applying CVar settings from Section [AntiAliasingQuality@3] File [C:/Users/haytamhuang/Documents/Unreal Projects/FPSscene/Saved/Config/Windows/Scalability.ini]
[2021.06.01-01.53.52:574][  0]LogConfig: Setting CVar [[r.PostProcessAAQuality:4]]
[2021.06.01-01.53.52:574][  0]LogConfig: Applying CVar settings from Section [ShadowQuality@3] File [C:/Users/haytamhuang/Documents/Unreal Projects/FPSscene/Saved/Config/Windows/Scalability.ini]
[2021.06.01-01.53.52:574][  0]LogConfig: Setting CVar [[r.LightFunctionQuality:1]]
[2021.06.01-01.53.52:574][  0]LogConfig: Setting CVar [[r.ShadowQuality:5]]
[2021.06.01-01.53.52:574][  0]LogConfig: Setting CVar [[r.Shadow.CSM.MaxCascades:10]]
[2021.06.01-01.53.52:574][  0]LogConfig: Setting CVar [[r.Shadow.MaxResolution:2048]]
[2021.06.01-01.53.52:574][  0]LogConfig: Setting CVar [[r.Shadow.MaxCSMResolution:2048]]
[2021.06.01-01.53.52:574][  0]LogConfig: Setting CVar [[r.Shadow.RadiusThreshold:0.01]]
[2021.06.01-01.53.52:574][  0]LogConfig: Setting CVar [[r.Shadow.DistanceScale:1.0]]
[2021.06.01-01.53.52:574][  0]LogConfig: Setting CVar [[r.Shadow.CSM.TransitionScale:1.0]]
[2021.06.01-01.53.52:574][  0]LogConfig: Setting CVar [[r.Shadow.PreShadowResolutionFactor:1.0]]
[2021.06.01-01.53.52:574][  0]LogConfig: Setting CVar [[r.DistanceFieldShadowing:1]]
[2021.06.01-01.53.52:574][  0]LogConfig: Setting CVar [[r.DistanceFieldAO:1]]
[2021.06.01-01.53.52:574][  0]LogConfig: Setting CVar [[r.AOQuality:2]]
[2021.06.01-01.53.52:574][  0]LogConfig: Setting CVar [[r.VolumetricFog:1]]
[2021.06.01-01.53.52:574][  0]LogConfig: Setting CVar [[r.VolumetricFog.GridPixelSize:8]]
[2021.06.01-01.53.52:574][  0]LogConfig: Setting CVar [[r.VolumetricFog.GridSizeZ:128]]
[2021.06.01-01.53.52:574][  0]LogConfig: Setting CVar [[r.VolumetricFog.HistoryMissSupersampleCount:4]]
[2021.06.01-01.53.52:574][  0]LogConfig: Setting CVar [[r.LightMaxDrawDistanceScale:1]]
[2021.06.01-01.53.52:574][  0]LogConfig: Setting CVar [[r.CapsuleShadows:1]]
[2021.06.01-01.53.52:574][  0]LogConfig: Applying CVar settings from Section [PostProcessQuality@3] File [C:/Users/haytamhuang/Documents/Unreal Projects/FPSscene/Saved/Config/Windows/Scalability.ini]
[2021.06.01-01.53.52:574][  0]LogConfig: Setting CVar [[r.MotionBlurQuality:4]]
[2021.06.01-01.53.52:574][  0]LogConfig: Setting CVar [[r.AmbientOcclusionMipLevelFactor:0.4]]
[2021.06.01-01.53.52:574][  0]LogConfig: Setting CVar [[r.AmbientOcclusionMaxQuality:100]]
[2021.06.01-01.53.52:574][  0]LogConfig: Setting CVar [[r.AmbientOcclusionLevels:-1]]
[2021.06.01-01.53.52:574][  0]LogConfig: Setting CVar [[r.AmbientOcclusionRadiusScale:1.0]]
[2021.06.01-01.53.52:574][  0]LogConfig: Setting CVar [[r.DepthOfFieldQuality:2]]
[2021.06.01-01.53.52:574][  0]LogConfig: Setting CVar [[r.RenderTargetPoolMin:400]]
[2021.06.01-01.53.52:574][  0]LogConfig: Setting CVar [[r.LensFlareQuality:2]]
[2021.06.01-01.53.52:574][  0]LogConfig: Setting CVar [[r.SceneColorFringeQuality:1]]
[2021.06.01-01.53.52:574][  0]LogConfig: Setting CVar [[r.EyeAdaptationQuality:2]]
[2021.06.01-01.53.52:574][  0]LogConfig: Setting CVar [[r.BloomQuality:5]]
[2021.06.01-01.53.52:574][  0]LogConfig: Setting CVar [[r.FastBlurThreshold:100]]
[2021.06.01-01.53.52:574][  0]LogConfig: Setting CVar [[r.Upscale.Quality:3]]
[2021.06.01-01.53.52:574][  0]LogConfig: Setting CVar [[r.Tonemapper.GrainQuantization:1]]
[2021.06.01-01.53.52:574][  0]LogConfig: Setting CVar [[r.LightShaftQuality:1]]
[2021.06.01-01.53.52:574][  0]LogConfig: Setting CVar [[r.Filter.SizeScale:1]]
[2021.06.01-01.53.52:574][  0]LogConfig: Setting CVar [[r.Tonemapper.Quality:5]]
[2021.06.01-01.53.52:574][  0]LogConfig: Setting CVar [[r.DOF.Gather.AccumulatorQuality:1        ; higher gathering accumulator quality]]
[2021.06.01-01.53.52:574][  0]LogConfig: Setting CVar [[r.DOF.Gather.PostfilterMethod:1          ; Median3x3 postfilering method]]
[2021.06.01-01.53.52:574][  0]LogConfig: Setting CVar [[r.DOF.Gather.EnableBokehSettings:0       ; no bokeh simulation when gathering]]
[2021.06.01-01.53.52:574][  0]LogConfig: Setting CVar [[r.DOF.Gather.RingCount:4                 ; medium number of samples when gathering]]
[2021.06.01-01.53.52:574][  0]LogConfig: Setting CVar [[r.DOF.Scatter.ForegroundCompositing:1    ; additive foreground scattering]]
[2021.06.01-01.53.52:574][  0]LogConfig: Setting CVar [[r.DOF.Scatter.BackgroundCompositing:2    ; additive background scattering]]
[2021.06.01-01.53.52:574][  0]LogConfig: Setting CVar [[r.DOF.Scatter.EnableBokehSettings:1      ; bokeh simulation when scattering]]
[2021.06.01-01.53.52:574][  0]LogConfig: Setting CVar [[r.DOF.Scatter.MaxSpriteRatio:0.1         ; only a maximum of 10% of scattered bokeh]]
[2021.06.01-01.53.52:574][  0]LogConfig: Setting CVar [[r.DOF.Recombine.Quality:1                ; cheap slight out of focus]]
[2021.06.01-01.53.52:574][  0]LogConfig: Setting CVar [[r.DOF.Recombine.EnableBokehSettings:0    ; no bokeh simulation on slight out of focus]]
[2021.06.01-01.53.52:574][  0]LogConfig: Setting CVar [[r.DOF.TemporalAAQuality:1                ; more stable temporal accumulation]]
[2021.06.01-01.53.52:574][  0]LogConfig: Setting CVar [[r.DOF.Kernel.MaxForegroundRadius:0.025]]
[2021.06.01-01.53.52:574][  0]LogConfig: Setting CVar [[r.DOF.Kernel.MaxBackgroundRadius:0.025]]
[2021.06.01-01.53.52:574][  0]LogConfig: Applying CVar settings from Section [TextureQuality@3] File [C:/Users/haytamhuang/Documents/Unreal Projects/FPSscene/Saved/Config/Windows/Scalability.ini]
[2021.06.01-01.53.52:574][  0]LogConfig: Setting CVar [[r.Streaming.MipBias:0]]
[2021.06.01-01.53.52:574][  0]LogConfig: Setting CVar [[r.Streaming.AmortizeCPUToGPUCopy:0]]
[2021.06.01-01.53.52:574][  0]LogConfig: Setting CVar [[r.Streaming.MaxNumTexturesToStreamPerFrame:0]]
[2021.06.01-01.53.52:574][  0]LogConfig: Setting CVar [[r.Streaming.Boost:1]]
[2021.06.01-01.53.52:574][  0]LogConfig: Setting CVar [[r.MaxAnisotropy:8]]
[2021.06.01-01.53.52:574][  0]LogConfig: Setting CVar [[r.Streaming.LimitPoolSizeToVRAM:0]]
[2021.06.01-01.53.52:574][  0]LogConfig: Setting CVar [[r.Streaming.PoolSize:1000]]
[2021.06.01-01.53.52:574][  0]LogConfig: Setting CVar [[r.Streaming.MaxEffectiveScreenSize:0]]
[2021.06.01-01.53.52:574][  0]LogConfig: Applying CVar settings from Section [EffectsQuality@3] File [C:/Users/haytamhuang/Documents/Unreal Projects/FPSscene/Saved/Config/Windows/Scalability.ini]
[2021.06.01-01.53.52:574][  0]LogConfig: Setting CVar [[r.TranslucencyLightingVolumeDim:64]]
[2021.06.01-01.53.52:574][  0]LogConfig: Setting CVar [[r.RefractionQuality:2]]
[2021.06.01-01.53.52:574][  0]LogConfig: Setting CVar [[r.SSR.Quality:3]]
[2021.06.01-01.53.52:574][  0]LogConfig: Setting CVar [[r.SceneColorFormat:4]]
[2021.06.01-01.53.52:575][  0]LogConfig: Setting CVar [[r.DetailMode:2]]
[2021.06.01-01.53.52:575][  0]LogConfig: Setting CVar [[r.TranslucencyVolumeBlur:1]]
[2021.06.01-01.53.52:575][  0]LogConfig: Setting CVar [[r.MaterialQualityLevel:1 ; High quality]]
[2021.06.01-01.53.52:575][  0]LogConfig: Setting CVar [[r.SSS.Scale:1]]
[2021.06.01-01.53.52:575][  0]LogConfig: Setting CVar [[r.SSS.SampleSet:2]]
[2021.06.01-01.53.52:575][  0]LogConfig: Setting CVar [[r.SSS.Quality:1]]
[2021.06.01-01.53.52:575][  0]LogConfig: Setting CVar [[r.SSS.HalfRes:1]]
[2021.06.01-01.53.52:575][  0]LogConfig: Setting CVar [[r.EmitterSpawnRateScale:1.0]]
[2021.06.01-01.53.52:575][  0]LogConfig: Setting CVar [[r.ParticleLightQuality:2]]
[2021.06.01-01.53.52:575][  0]LogConfig: Applying CVar settings from Section [FoliageQuality@3] File [C:/Users/haytamhuang/Documents/Unreal Projects/FPSscene/Saved/Config/Windows/Scalability.ini]
[2021.06.01-01.53.52:575][  0]LogConfig: Setting CVar [[foliage.DensityScale:1.0]]
[2021.06.01-01.53.52:575][  0]LogConfig: Setting CVar [[grass.DensityScale:1.0]]
[2021.06.01-01.53.52:575][  0]LogConfig: Applying CVar settings from Section [Startup] File [../../../Engine/Config/ConsoleVariables.ini]
[2021.06.01-01.53.52:575][  0]LogConfig: Setting CVar [[net.UseAdaptiveNetUpdateFrequency:0]]
[2021.06.01-01.53.52:575][  0]LogConfig: Setting CVar [[p.chaos.AllowCreatePhysxBodies:1]]
[2021.06.01-01.53.52:575][  0]LogConfig: Applying CVar settings from Section [ConsoleVariables] File [C:/Users/haytamhuang/Documents/Unreal Projects/FPSscene/Saved/Config/Windows/Engine.ini]
[2021.06.01-01.53.52:575][  0]LogInit: Computer: haytamhuan-PC0
[2021.06.01-01.53.52:575][  0]LogInit: User: haytamhuang
[2021.06.01-01.53.52:575][  0]LogInit: CPU Page size=4096, Cores=8
[2021.06.01-01.53.52:575][  0]LogInit: High frequency timer resolution =10.000000 MHz
[2021.06.01-01.53.52:575][  0]LogMemory: Memory total: Physical=31.8GB (32GB approx)
[2021.06.01-01.53.52:575][  0]LogMemory: Platform Memory Stats for Windows
[2021.06.01-01.53.52:575][  0]LogMemory: Process Physical Memory: 104.02 MB used, 104.02 MB peak
[2021.06.01-01.53.52:575][  0]LogMemory: Process Virtual Memory: 92.79 MB used, 92.79 MB peak
[2021.06.01-01.53.52:575][  0]LogMemory: Physical Memory: 12460.53 MB used,  20083.69 MB free, 32544.22 MB total
[2021.06.01-01.53.52:575][  0]LogMemory: Virtual Memory: 4680.13 MB used,  134213048.00 MB free, 134217728.00 MB total
[2021.06.01-01.53.52:729][  0]LogInit: Overriding language with editor culture configuration option (en).
[2021.06.01-01.53.52:729][  0]LogInit: Overriding locale with editor culture configuration option (en).
[2021.06.01-01.53.52:840][  0]LogInit: Setting process to per monitor DPI aware
[2021.06.01-01.53.52:933][  0]LogSlate: New Slate User Created.  User Index 0, Is Virtual User: 0
[2021.06.01-01.53.52:933][  0]LogSlate: Slate User Registered.  User Index 0, Is Virtual User: 0
[2021.06.01-01.53.53:074][  0]LogHMD: Failed to initialize OpenVR with code 110
[2021.06.01-01.53.53:074][  0]LogD3D11RHI: D3D11 adapters:
[2021.06.01-01.53.53:403][  0]LogD3D11RHI:    0. 'NVIDIA GeForce RTX 2060 SUPER' (Feature Level 11_0)
[2021.06.01-01.53.53:403][  0]LogD3D11RHI:       8031/0/16272 MB DedicatedVideo/DedicatedSystem/SharedSystem, Outputs:1, VendorId:0x10de
[2021.06.01-01.53.53:836][  0]LogD3D11RHI:    1. 'Intel(R) UHD Graphics 630' (Feature Level 11_0)
[2021.06.01-01.53.53:836][  0]LogD3D11RHI:       128/0/16272 MB DedicatedVideo/DedicatedSystem/SharedSystem, Outputs:0, VendorId:0x8086
[2021.06.01-01.53.53:876][  0]LogD3D11RHI:    2. 'Microsoft Basic Render Driver' (Feature Level 11_0)
[2021.06.01-01.53.53:876][  0]LogD3D11RHI:       0/0/16272 MB DedicatedVideo/DedicatedSystem/SharedSystem, Outputs:0, VendorId:0x1414
[2021.06.01-01.53.53:876][  0]LogD3D11RHI: Chosen D3D11 Adapter: 0
[2021.06.01-01.53.53:884][  0]LogD3D11RHI: Creating new Direct3DDevice
[2021.06.01-01.53.53:884][  0]LogD3D11RHI:     GPU DeviceId: 0x1f06 (for the marketing name, search the web for "GPU Device Id")
[2021.06.01-01.53.53:884][  0]LogWindows: EnumDisplayDevices:
[2021.06.01-01.53.53:884][  0]LogWindows:    0. 'NVIDIA GeForce RTX 2060 SUPER' (P:1 D:1)
[2021.06.01-01.53.53:884][  0]LogWindows:    1. 'NVIDIA GeForce RTX 2060 SUPER' (P:0 D:0)
[2021.06.01-01.53.53:884][  0]LogWindows:    2. 'NVIDIA GeForce RTX 2060 SUPER' (P:0 D:0)
[2021.06.01-01.53.53:885][  0]LogWindows:    3. 'NVIDIA GeForce RTX 2060 SUPER' (P:0 D:0)
[2021.06.01-01.53.53:885][  0]LogWindows:    4. 'Intel(R) UHD Graphics 630' (P:0 D:0)
[2021.06.01-01.53.53:885][  0]LogWindows:    5. 'Intel(R) UHD Graphics 630' (P:0 D:0)
[2021.06.01-01.53.53:886][  0]LogWindows:    6. 'Intel(R) UHD Graphics 630' (P:0 D:0)
[2021.06.01-01.53.53:886][  0]LogWindows: DebugString: PrimaryIsNotTheChoosenAdapter PrimaryIsNotTheChoosenAdapter PrimaryIsNotTheChoosenAdapter FoundDriverCount:4 
[2021.06.01-01.53.53:886][  0]LogD3D11RHI:     Adapter Name: NVIDIA GeForce RTX 2060 SUPER
[2021.06.01-01.53.53:886][  0]LogD3D11RHI:   Driver Version: 457.49 (internal:27.21.14.5749, unified:457.49)
[2021.06.01-01.53.53:886][  0]LogD3D11RHI:      Driver Date: 11-20-2020
[2021.06.01-01.53.53:886][  0]LogRHI: Texture pool is 5621 MB (70% of 8031 MB)
[2021.06.01-01.53.53:934][  0]LogD3D11RHI: Async texture creation enabled
[2021.06.01-01.53.53:937][  0]LogRendererCore: FGlobalReadBuffer::InitRHI
[2021.06.01-01.53.53:937][  0]LogRendererCore: FGlobalReadBuffer::InitRHI
[2021.06.01-01.53.53:937][  0]LogRendererCore: FGlobalReadBuffer::InitRHI
[2021.06.01-01.53.53:944][  0]LogD3D11RHI: GPU Timing Frequency: 1000.000000 (Debug: 2 1)
[2021.06.01-01.53.54:826][  0]LogTemp: Display: Module 'AllDesktopTargetPlatform' loaded TargetPlatform 'AllDesktop'
[2021.06.01-01.53.54:838][  0]LogTemp: Display: Module 'MacClientTargetPlatform' loaded TargetPlatform 'MacClient'
[2021.06.01-01.53.54:850][  0]LogTemp: Display: Module 'MacNoEditorTargetPlatform' loaded TargetPlatform 'MacNoEditor'
[2021.06.01-01.53.54:862][  0]LogTemp: Display: Module 'MacServerTargetPlatform' loaded TargetPlatform 'MacServer'
[2021.06.01-01.53.54:874][  0]LogTemp: Display: Module 'MacTargetPlatform' loaded TargetPlatform 'Mac'
[2021.06.01-01.53.54:886][  0]LogTemp: Display: Module 'WindowsClientTargetPlatform' loaded TargetPlatform 'WindowsClient'
[2021.06.01-01.53.54:898][  0]LogTemp: Display: Module 'WindowsNoEditorTargetPlatform' loaded TargetPlatform 'WindowsNoEditor'
[2021.06.01-01.53.54:909][  0]LogTemp: Display: Module 'WindowsServerTargetPlatform' loaded TargetPlatform 'WindowsServer'
[2021.06.01-01.53.54:916][  0]LogTemp: Display: Module 'WindowsTargetPlatform' loaded TargetPlatform 'Windows'
[2021.06.01-01.53.54:979][  0]LogTemp: Display: Module 'AndroidTargetPlatform' loaded TargetPlatform 'Android'
[2021.06.01-01.53.54:979][  0]LogTemp: Display: Module 'AndroidTargetPlatform' loaded TargetPlatform 'Android_ASTC'
[2021.06.01-01.53.54:979][  0]LogTemp: Display: Module 'AndroidTargetPlatform' loaded TargetPlatform 'Android_ATC'
[2021.06.01-01.53.54:979][  0]LogTemp: Display: Module 'AndroidTargetPlatform' loaded TargetPlatform 'Android_DXT'
[2021.06.01-01.53.54:979][  0]LogTemp: Display: Module 'AndroidTargetPlatform' loaded TargetPlatform 'Android_ETC1'
[2021.06.01-01.53.54:979][  0]LogTemp: Display: Module 'AndroidTargetPlatform' loaded TargetPlatform 'Android_ETC1a'
[2021.06.01-01.53.54:979][  0]LogTemp: Display: Module 'AndroidTargetPlatform' loaded TargetPlatform 'Android_ETC2'
[2021.06.01-01.53.54:979][  0]LogTemp: Display: Module 'AndroidTargetPlatform' loaded TargetPlatform 'Android_PVRTC'
[2021.06.01-01.53.54:979][  0]LogTemp: Display: Module 'AndroidTargetPlatform' loaded TargetPlatform 'AndroidClient'
[2021.06.01-01.53.54:979][  0]LogTemp: Display: Module 'AndroidTargetPlatform' loaded TargetPlatform 'Android_ASTCClient'
[2021.06.01-01.53.54:979][  0]LogTemp: Display: Module 'AndroidTargetPlatform' loaded TargetPlatform 'Android_ATCClient'
[2021.06.01-01.53.54:979][  0]LogTemp: Display: Module 'AndroidTargetPlatform' loaded TargetPlatform 'Android_DXTClient'
[2021.06.01-01.53.54:979][  0]LogTemp: Display: Module 'AndroidTargetPlatform' loaded TargetPlatform 'Android_ETC1Client'
[2021.06.01-01.53.54:979][  0]LogTemp: Display: Module 'AndroidTargetPlatform' loaded TargetPlatform 'Android_ETC1aClient'
[2021.06.01-01.53.54:979][  0]LogTemp: Display: Module 'AndroidTargetPlatform' loaded TargetPlatform 'Android_ETC2Client'
[2021.06.01-01.53.54:979][  0]LogTemp: Display: Module 'AndroidTargetPlatform' loaded TargetPlatform 'Android_PVRTCClient'
[2021.06.01-01.53.54:979][  0]LogTemp: Display: Module 'AndroidTargetPlatform' loaded TargetPlatform 'Android_Multi'
[2021.06.01-01.53.54:979][  0]LogTemp: Display: Module 'AndroidTargetPlatform' loaded TargetPlatform 'Android_MultiClient'
[2021.06.01-01.53.54:982][  0]LogTemp: Display: Module 'HTML5TargetPlatform' loaded TargetPlatform 'HTML5'
[2021.06.01-01.53.55:030][  0]LogTemp: Display: Module 'IOSTargetPlatform' loaded TargetPlatform 'IOSClient'
[2021.06.01-01.53.55:030][  0]LogTemp: Display: Module 'IOSTargetPlatform' loaded TargetPlatform 'IOS'
[2021.06.01-01.53.55:050][  0]LogTemp: Display: Module 'TVOSTargetPlatform' loaded TargetPlatform 'TVOSClient'
[2021.06.01-01.53.55:050][  0]LogTemp: Display: Module 'TVOSTargetPlatform' loaded TargetPlatform 'TVOS'
[2021.06.01-01.53.55:061][  0]LogTemp: Display: Module 'LinuxClientTargetPlatform' loaded TargetPlatform 'LinuxClient'
[2021.06.01-01.53.55:072][  0]LogTemp: Display: Module 'LinuxNoEditorTargetPlatform' loaded TargetPlatform 'LinuxNoEditor'
[2021.06.01-01.53.55:083][  0]LogTemp: Display: Module 'LinuxServerTargetPlatform' loaded TargetPlatform 'LinuxServer'
[2021.06.01-01.53.55:095][  0]LogTemp: Display: Module 'LinuxTargetPlatform' loaded TargetPlatform 'Linux'
[2021.06.01-01.53.55:130][  0]LogTemp: Display: Module 'LuminTargetPlatform' loaded TargetPlatform 'Lumin'
[2021.06.01-01.53.55:131][  0]LogTemp: Display: Module 'LuminTargetPlatform' loaded TargetPlatform 'LuminClient'
[2021.06.01-01.53.55:131][  0]LogTargetPlatformManager: Display: Building Assets For Windows
[2021.06.01-01.53.55:149][  0]LogAudioDebug: Display: Lib vorbis DLL was dynamically loaded.
[2021.06.01-01.53.55:287][  0]LogShaderCompilers: Guid format shader working directory is -18 characters bigger than the processId version (../../../../../../Users/haytamhuang/Documents/Unreal Projects/FPSscene/Intermediate/Shaders/WorkingDirectory/7672/).
[2021.06.01-01.53.55:287][  0]LogShaderCompilers: Cleaned the shader compiler working directory 'C:/Users/haytamhuang/AppData/Local/Temp/UnrealShaderWorkingDir/84CCCB5244805BE231FBA9BDD97742C7/'.
[2021.06.01-01.53.55:289][  0]LogXGEController: Cannot use XGE Controller as Incredibuild is not installed on this machine.
[2021.06.01-01.53.55:289][  0]LogShaderCompilers: Cannot use XGE Shader Compiler as Incredibuild is not installed on this machine.
[2021.06.01-01.53.55:289][  0]LogShaderCompilers: Display: Using Local Shader Compiler.
[2021.06.01-01.53.55:707][  0]LogDerivedDataCache: Display: Max Cache Size: 512 MB
[2021.06.01-01.53.55:746][  0]LogDerivedDataCache: Loaded boot cache 0.04s 74MB C:/Users/haytamhuang/AppData/Local/UnrealEngine/4.22/DerivedDataCache/Boot.ddc.
[2021.06.01-01.53.55:746][  0]LogDerivedDataCache: Display: Loaded Boot cache: C:/Users/haytamhuang/AppData/Local/UnrealEngine/4.22/DerivedDataCache/Boot.ddc
[2021.06.01-01.53.55:746][  0]LogDerivedDataCache: FDerivedDataBackendGraph:  Pak pak cache file ../../../../../../Users/haytamhuang/Documents/Unreal Projects/FPSscene/DerivedDataCache/DDC.ddp not found, will not use a pak cache.
[2021.06.01-01.53.55:746][  0]LogDerivedDataCache: Unable to find inner node Pak for hierarchical cache Hierarchy.
[2021.06.01-01.53.55:746][  0]LogDerivedDataCache: FDerivedDataBackendGraph:  CompressedPak pak cache file ../../../../../../Users/haytamhuang/Documents/Unreal Projects/FPSscene/DerivedDataCache/Compressed.ddp not found, will not use a pak cache.
[2021.06.01-01.53.55:746][  0]LogDerivedDataCache: Unable to find inner node CompressedPak for hierarchical cache Hierarchy.
[2021.06.01-01.53.55:755][  0]LogDerivedDataCache: Display: Pak cache opened for reading ../../../Engine/DerivedDataCache/Compressed.ddp.
[2021.06.01-01.53.55:755][  0]LogDerivedDataCache: FDerivedDataBackendGraph:  EnterprisePak pak cache file ../../../Enterprise/DerivedDataCache/Compressed.ddp not found, will not use a pak cache.
[2021.06.01-01.53.55:755][  0]LogDerivedDataCache: Unable to find inner node EnterprisePak for hierarchical cache Hierarchy.
[2021.06.01-01.53.55:767][  0]LogDerivedDataCache: Using Local data cache path C:/Users/haytamhuang/AppData/Local/UnrealEngine/Common/DerivedDataCache: Writable
[2021.06.01-01.53.55:767][  0]LogDerivedDataCache: Shared data cache path not found in *engine.ini, will not use an Shared cache.
[2021.06.01-01.53.55:767][  0]LogDerivedDataCache: Unable to find inner node Shared for hierarchical cache Hierarchy.
[2021.06.01-01.53.55:787][  0]LogMaterial: Verifying Global Shaders for PCD3D_SM5
[2021.06.01-01.53.55:788][  0]LogSlate: Using FreeType 2.6.0
[2021.06.01-01.53.55:788][  0]LogSlate: SlateFontServices - WITH_FREETYPE: 1, WITH_HARFBUZZ: 1
[2021.06.01-01.53.55:870][  0]LogAssetRegistry: FAssetRegistry took 0.0311 seconds to start up
[2021.06.01-01.53.56:118][  0]LogInit: Selected Device Profile: [Windows]
[2021.06.01-01.53.56:371][  0]LogMeshReduction: Using QuadricMeshReduction for automatic static mesh reduction
[2021.06.01-01.53.56:371][  0]LogMeshReduction: Using SimplygonMeshReduction for automatic skeletal mesh reduction
[2021.06.01-01.53.56:371][  0]LogMeshReduction: Using ProxyLODMeshReduction for automatic mesh merging
[2021.06.01-01.53.56:371][  0]LogMeshReduction: No distributed automatic mesh merging module available
[2021.06.01-01.53.56:371][  0]LogMeshMerging: No distributed automatic mesh merging module available
[2021.06.01-01.53.56:380][  0]LogNetVersion: FPSscene 1.0.0, NetCL: 5660361, EngineNetVer: 10, GameNetVer: 0 (Checksum: 3200401195)
[2021.06.01-01.53.56:678][  0]LogPackageLocalizationCache: Processed 10 localized package path(s) for 1 prioritized culture(s) in 0.028844 seconds
[2021.06.01-01.53.56:682][  0]LogUObjectArray: 42205 objects as part of root set at end of initial load.
[2021.06.01-01.53.56:682][  0]LogUObjectAllocator: 7325032 out of 0 bytes used by permanent object pool.
[2021.06.01-01.53.56:682][  0]LogUObjectArray: CloseDisregardForGC: 0/0 objects in disregard for GC pool
[2021.06.01-01.53.57:623][  0]LogTcpMessaging: Initializing TcpMessaging bridge
[2021.06.01-01.53.57:638][  0]LogUdpMessaging: Initializing bridge on interface 0.0.0.0:0 to multicast group 230.0.0.1:6666.
[2021.06.01-01.53.57:893][  0]SourceControl: Source control is disabled
[2021.06.01-01.53.57:893][  0]SourceControl: Source control is disabled
[2021.06.01-01.53.57:922][  0]SourceControl: Source control is disabled
[2021.06.01-01.53.57:926][  0]SourceControl: Source control is disabled
[2021.06.01-01.53.58:124][  0]LogAndroidPermission: UAndroidPermissionCallbackProxy::GetInstance
[2021.06.01-01.53.58:233][  0]LogOcInput: OculusInput pre-init called
[2021.06.01-01.53.58:930][  0]LogEngine: Initializing Engine...
[2021.06.01-01.53.58:930][  0]LogHMD: Failed to initialize OpenVR with code 110
[2021.06.01-01.53.58:931][  0]LogStats: UGameplayTagsManager::InitializeManager -  0.000 s
[2021.06.01-01.53.59:085][  0]LogInit: Initializing FReadOnlyCVARCache
[2021.06.01-01.53.59:098][  0]LogAIModule: Creating AISystem for world Untitled
[2021.06.01-01.53.59:112][  0]LogInit: XAudio2 using 'P24i-10 (NVIDIA High Definition Audio)' : 2 channels at 48 kHz using 16 bits per sample (channel mask 0x3)
[2021.06.01-01.53.59:177][  0]LogInit: FAudioDevice initialized.
[2021.06.01-01.53.59:177][  0]LogNetVersion: Set ProjectVersion to 1.0.0.0. Version Checksum will be recalculated on next use.
[2021.06.01-01.53.59:218][  0]LogDerivedDataCache: Saved boot cache 0.04s 74MB C:/Users/haytamhuang/AppData/Local/UnrealEngine/4.22/DerivedDataCache/Boot.ddc.
[2021.06.01-01.53.59:222][  0]LogInit: Texture streaming: Enabled
[2021.06.01-01.53.59:242][  0]LogEngineSessionManager: EngineSessionManager initialized
[2021.06.01-01.53.59:263][  0]LogInit: Transaction tracking system initialized
[2021.06.01-01.53.59:295][  0]BlueprintLog: New page: Editor Load
[2021.06.01-01.53.59:496][  0]LocalizationService: Localization service is disabled
[2021.06.01-01.53.59:611][  0]LogLinker: Warning: Can't find file '/Game/FirstPersonBP/FirstPersonOverview'
[2021.06.01-01.53.59:612][  0]LogLinker: Warning: Can't find file '/Game/FirstPersonBP/FirstPersonOverview'
[2021.06.01-01.53.59:612][  0]LogUObjectGlobals: Warning: Failed to find object 'Class /Game/FirstPersonBP/FirstPersonOverview.FirstPersonOverview_C'
[2021.06.01-01.53.59:792][  0]LogFileCache: Scanning file cache for directory 'C:/Users/haytamhuang/Documents/Unreal Projects/FPSscene/Content/' took 0.01s
[2021.06.01-01.53.59:792][  0]LogCook: Display: Max memory allowance for cook 16384mb min free memory 0mb
[2021.06.01-01.53.59:792][  0]LogCook: Display: Mobile HDR setting 1
[2021.06.01-01.54.00:033][  0]SourceControl: Source control is disabled
[2021.06.01-01.54.00:033][  0]Cmd: MAP LOAD FILE="../../../../../../Users/haytamhuang/Documents/Unreal Projects/FPSscene/Content/FirstPersonCPP/Maps/FirstPersonExampleMap.umap" TEMPLATE=0 SHOWPROGRESS=1 FEATURELEVEL=3
[2021.06.01-01.54.00:033][  0]LightingResults: New page: Lighting Build
[2021.06.01-01.54.00:035][  0]MapCheck: New page: Map Check
[2021.06.01-01.54.00:035][  0]LightingResults: New page: Lighting Build
[2021.06.01-01.54.00:062][  0]LogUObjectHash: Compacting FUObjectHashTables data took   1.51ms
[2021.06.01-01.54.00:131][  0]LogAIModule: Creating AISystem for world FirstPersonExampleMap
[2021.06.01-01.54.00:134][  0]LogEditorServer: Finished looking for orphan Actors (0.000 secs)
[2021.06.01-01.54.00:157][  0]LogUObjectHash: Compacting FUObjectHashTables data took   1.44ms
[2021.06.01-01.54.00:157][  0]Cmd: MAP CHECKDEP NOCLEARLOG
[2021.06.01-01.54.00:158][  0]MapCheck: Map check complete: 0 Error(s), 0 Warning(s), took 0.268ms to complete.
[2021.06.01-01.54.00:158][  0]LogFileHelpers: Loading map 'FirstPersonExampleMap' took 0.125
[2021.06.01-01.54.00:274][  0]LogSlate: Updating window title bar state: overlay mode, drag disabled, window buttons hidden, title bar hidden
[2021.06.01-01.54.00:281][  0]LogSlate: Updating window title bar state: overlay mode, drag disabled, window buttons hidden, title bar hidden
[2021.06.01-01.54.00:287][  0]LogSlate: Updating window title bar state: overlay mode, drag disabled, window buttons hidden, title bar hidden
[2021.06.01-01.54.00:292][  0]LogSlate: Updating window title bar state: overlay mode, drag disabled, window buttons hidden, title bar hidden
[2021.06.01-01.54.00:300][  0]LogCollectionManager: Loaded 0 collections in 0.001381 seconds
[2021.06.01-01.54.00:337][  0]LogFileCache: Scanning file cache for directory 'C:/Users/haytamhuang/Documents/Unreal Projects/FPSscene/Saved/Collections/' took 0.01s
[2021.06.01-01.54.00:337][  0]LogFileCache: Scanning file cache for directory 'C:/Users/haytamhuang/Documents/Unreal Projects/FPSscene/Content/Developers/haytamhuang/Collections/' took 0.01s
[2021.06.01-01.54.00:337][  0]LogFileCache: Scanning file cache for directory 'C:/Users/haytamhuang/Documents/Unreal Projects/FPSscene/Content/Collections/' took 0.01s
[2021.06.01-01.54.00:337][  0]LogCollectionManager: Rebuilt the GUID cache for 0 collections in 0.000000 seconds
[2021.06.01-01.54.00:343][  0]LogContentBrowser: Native class hierarchy populated in 0.0066 seconds. Added 2738 classes and 661 folders.
[2021.06.01-01.54.00:348][  0]LogContentBrowser: Native class hierarchy updated for 'WidgetCarousel' in 0.0003 seconds. Added 0 classes and 0 folders.
[2021.06.01-01.54.00:350][  0]LogPakFile: Registered encryption key '00000000000000000000000000000000': 0 pak files mounted, 0 remain pending
[2021.06.01-01.54.00:351][  0]LogPakFile: Registered encryption key '00000000000000000000000000000000': 0 pak files mounted, 0 remain pending
[2021.06.01-01.54.00:351][  0]LogPakFile: Registered encryption key '00000000000000000000000000000000': 0 pak files mounted, 0 remain pending
[2021.06.01-01.54.00:352][  0]LogPakFile: Registered encryption key '00000000000000000000000000000000': 0 pak files mounted, 0 remain pending
[2021.06.01-01.54.00:352][  0]LogPakFile: Registered encryption key '00000000000000000000000000000000': 0 pak files mounted, 0 remain pending
[2021.06.01-01.54.00:352][  0]LogPakFile: Registered encryption key '00000000000000000000000000000000': 0 pak files mounted, 0 remain pending
[2021.06.01-01.54.00:353][  0]LogPakFile: Registered encryption key '00000000000000000000000000000000': 0 pak files mounted, 0 remain pending
[2021.06.01-01.54.00:353][  0]LogPakFile: Registered encryption key '00000000000000000000000000000000': 0 pak files mounted, 0 remain pending
[2021.06.01-01.54.00:354][  0]LogPakFile: Registered encryption key '00000000000000000000000000000000': 0 pak files mounted, 0 remain pending
[2021.06.01-01.54.00:354][  0]LogPakFile: Registered encryption key '00000000000000000000000000000000': 0 pak files mounted, 0 remain pending
[2021.06.01-01.54.00:354][  0]LogPakFile: Registered encryption key '00000000000000000000000000000000': 0 pak files mounted, 0 remain pending
[2021.06.01-01.54.00:355][  0]LogPakFile: Registered encryption key '00000000000000000000000000000000': 0 pak files mounted, 0 remain pending
[2021.06.01-01.54.00:355][  0]LogPakFile: Registered encryption key '00000000000000000000000000000000': 0 pak files mounted, 0 remain pending
[2021.06.01-01.54.00:356][  0]LogPakFile: Registered encryption key '00000000000000000000000000000000': 0 pak files mounted, 0 remain pending
[2021.06.01-01.54.00:356][  0]LogPakFile: Registered encryption key '00000000000000000000000000000000': 0 pak files mounted, 0 remain pending
[2021.06.01-01.54.00:356][  0]LogPakFile: Registered encryption key '00000000000000000000000000000000': 0 pak files mounted, 0 remain pending
[2021.06.01-01.54.00:357][  0]LogPakFile: Registered encryption key '00000000000000000000000000000000': 0 pak files mounted, 0 remain pending
[2021.06.01-01.54.00:357][  0]LogPakFile: Registered encryption key '00000000000000000000000000000000': 0 pak files mounted, 0 remain pending
[2021.06.01-01.54.00:358][  0]LogPakFile: Registered encryption key '00000000000000000000000000000000': 0 pak files mounted, 0 remain pending
[2021.06.01-01.54.00:358][  0]LogPakFile: Registered encryption key '00000000000000000000000000000000': 0 pak files mounted, 0 remain pending
[2021.06.01-01.54.00:358][  0]LogPakFile: Registered encryption key '00000000000000000000000000000000': 0 pak files mounted, 0 remain pending
[2021.06.01-01.54.00:359][  0]LogPakFile: Registered encryption key '00000000000000000000000000000000': 0 pak files mounted, 0 remain pending
[2021.06.01-01.54.00:359][  0]LogPakFile: Registered encryption key '00000000000000000000000000000000': 0 pak files mounted, 0 remain pending
[2021.06.01-01.54.00:360][  0]LogPakFile: Registered encryption key '00000000000000000000000000000000': 0 pak files mounted, 0 remain pending
[2021.06.01-01.54.00:360][  0]LogPakFile: Registered encryption key '00000000000000000000000000000000': 0 pak files mounted, 0 remain pending
[2021.06.01-01.54.00:360][  0]LogPakFile: Registered encryption key '00000000000000000000000000000000': 0 pak files mounted, 0 remain pending
[2021.06.01-01.54.00:389][  0]LogContentBrowser: Native class hierarchy updated for 'AddContentDialog' in 0.0003 seconds. Added 0 classes and 0 folders.
[2021.06.01-01.54.00:403][  0]LogContentBrowser: Native class hierarchy updated for 'SceneOutliner' in 0.0003 seconds. Added 1 classes and 2 folders.
[2021.06.01-01.54.00:417][  0]LogSlate: Took 0.000167 seconds to synchronously load lazily loaded font '../../../Engine/Content/Slate/Fonts/Roboto-Regular.ttf' (155K)
[2021.06.01-01.54.00:418][  0]LogSlate: Took 0.000125 seconds to synchronously load lazily loaded font '../../../Engine/Content/Slate/Fonts/Roboto-Bold.ttf' (160K)
[2021.06.01-01.54.00:422][  0]LogSlate: Took 0.000196 seconds to synchronously load lazily loaded font '../../../Engine/Content/Editor/Slate/Fonts/FontAwesome.ttf' (139K)
[2021.06.01-01.54.00:470][  0]LogRenderer: Reallocating scene render targets to support 1092x572 Format 10 NumSamples 1 (Frame:1).
[2021.06.01-01.54.00:503][  0]LogSlate: Took 0.000259 seconds to synchronously load lazily loaded font '../../../Engine/Content/Slate/Fonts/Roboto-Light.ttf' (167K)
[2021.06.01-01.54.00:565][  0]LogContentBrowser: Native class hierarchy updated for 'HierarchicalLODOutliner' in 0.0003 seconds. Added 0 classes and 0 folders.
[2021.06.01-01.54.00:565][  0]LogLoad: (Engine Initialization) Total time: 10.56 seconds
[2021.06.01-01.54.00:565][  0]LogLoad: (Engine Initialization) Total Blueprint compile time: 0.00 seconds
[2021.06.01-01.54.00:591][  0]LogAssetRegistry: Asset discovery search completed in 4.7440 seconds
[2021.06.01-01.54.00:592][  0]LogCollectionManager: Rebuilt the object cache for 0 collections in 0.000000 seconds (found 0 objects)
[2021.06.01-01.54.00:592][  0]LogCollectionManager: Fixed up redirectors for 0 collections in 0.000033 seconds (updated 0 objects)
[2021.06.01-01.54.00:594][  0]LogContentStreaming: Texture pool size now 1000 MB
[2021.06.01-01.54.02:885][264]LogEditorViewport: Clicking on Actor (LMB): StaticMeshActor (EditorCube19)
[2021.06.01-01.54.05:352][554]LogSlate: FSceneViewport::OnFocusLost() reason 2
[2021.06.01-01.54.45:446][139]LogSlate: Took 0.000142 seconds to synchronously load lazily loaded font '../../../Engine/Content/Slate/Fonts/Roboto-Light.ttf' (167K)
[2021.06.01-01.55.13:959][560]LogSlate: Took 0.000240 seconds to synchronously load lazily loaded font '../../../Engine/Content/Slate/Fonts/Roboto-Italic.ttf' (157K)
[2021.06.01-01.56.11:435][118]LogEditorViewport: Clicking on Actor (context menu): StaticMeshActor (EditorCube19)
[2021.06.01-01.56.11:451][118]LogSlate: FSceneViewport::OnFocusLost() reason 2
[2021.06.01-01.56.33:040][708]LogSlate: FSceneViewport::OnFocusLost() reason 5
[2021.06.01-01.56.33:049][708]LogAssetEditorManager: Opening Asset editor for StaticMesh /Game/Geometry/Meshes/1M_Cube.1M_Cube
[2021.06.01-01.57.41:938][287]LogSlate: Window '1M_Cube' being destroyed
[2021.06.01-01.57.41:942][287]LogSlate: Window '1M_Cube' being destroyed
[2021.06.01-01.59.01:283][471]LogEditorViewport: Clicking on Actor (LMB): StaticMeshActor (EditorCube20)
[2021.06.01-01.59.25:999][499]LogSlate: FSceneViewport::OnFocusLost() reason 0
[2021.06.01-02.00.52:556][739]LogSlate: FSceneViewport::OnFocusLost() reason 0
[2021.06.01-02.01.15:276][462]LogSlate: FSceneViewport::OnFocusLost() reason 0
[2021.06.01-02.01.21:024][152]Cmd: DELETE
[2021.06.01-02.01.21:024][152]Cmd: ACTOR DELETE
[2021.06.01-02.01.21:026][152]LogEditorActor: Deleted Actor: Actor
[2021.06.01-02.01.21:048][152]LogUObjectHash: Compacting FUObjectHashTables data took   1.29ms
[2021.06.01-02.01.21:049][152]LogEditorActor: Deleted 1 Actors (0.024 secs)
[2021.06.01-02.01.22:431][318]LogEditorViewport: Clicking on Actor (LMB): StaticMeshActor (EditorCube20)
[2021.06.01-02.01.31:061][349]LogSlate: FSceneViewport::OnFocusLost() reason 0
[2021.06.01-02.01.38:086][192]LogEditorViewport: Clicking on Actor (context menu): StaticMeshActor (EditorCube20)
[2021.06.01-02.01.38:103][192]LogSlate: FSceneViewport::OnFocusLost() reason 2
[2021.06.01-02.01.41:393][586]LogSlate: FSceneViewport::OnFocusLost() reason 2
[2021.06.01-02.01.44:956][ 12]LogSlate: Window 'Size Map' being destroyed
[2021.06.01-02.01.44:960][ 12]LogSlate: Window 'Size Map' being destroyed
[2021.06.01-02.01.45:591][ 88]LogEditorViewport: Clicking on Actor (context menu): StaticMeshActor (EditorCube20)
[2021.06.01-02.01.45:608][ 88]LogSlate: FSceneViewport::OnFocusLost() reason 2
[2021.06.01-02.01.48:303][411]LogSlate: FSceneViewport::OnFocusLost() reason 5
[2021.06.01-02.01.48:308][411]LogAssetEditorManager: Opening Asset editor for StaticMesh /Game/Geometry/Meshes/1M_Cube.1M_Cube
[2021.06.01-02.02.03:204][154]LogSlate: FSceneViewport::OnFocusLost() reason 2
[2021.06.01-02.02.03:763][220]LogSlate: FSceneViewport::OnFocusLost() reason 2
[2021.06.01-02.02.05:262][399]LogSlate: FSceneViewport::OnFocusLost() reason 2
[2021.06.01-02.02.07:352][649]LogSlate: FSceneViewport::OnFocusLost() reason 2
[2021.06.01-02.02.08:085][736]LogSlate: FSceneViewport::OnFocusLost() reason 2
[2021.06.01-02.02.08:166][745]LogSlate: FSceneViewport::OnFocusLost() reason 2
[2021.06.01-02.02.08:231][752]LogSlate: FSceneViewport::OnFocusLost() reason 2
[2021.06.01-02.02.08:497][783]LogSlate: FSceneViewport::OnFocusLost() reason 2
[2021.06.01-02.02.15:473][618]LogSlate: FSceneViewport::OnFocusLost() reason 2
[2021.06.01-02.02.19:189][ 62]LogSlate: FSceneViewport::OnFocusLost() reason 2
[2021.06.01-02.02.19:539][103]LogSlate: FSceneViewport::OnFocusLost() reason 2
[2021.06.01-02.02.19:640][114]LogSlate: FSceneViewport::OnFocusLost() reason 2
[2021.06.01-02.02.19:787][131]LogSlate: FSceneViewport::OnFocusLost() reason 2
[2021.06.01-02.02.20:436][208]LogSlate: FSceneViewport::OnFocusLost() reason 2
[2021.06.01-02.02.20:843][256]LogSlate: FSceneViewport::OnFocusLost() reason 2
[2021.06.01-02.02.20:939][267]LogSlate: FSceneViewport::OnFocusLost() reason 2
[2021.06.01-02.02.24:755][724]LogSlate: FSceneViewport::OnFocusLost() reason 2
[2021.06.01-02.04.30:486][573]Cmd: OBJ SAVEPACKAGE PACKAGE="/Game/Geometry/Meshes/1M_Cube" FILE="../../../../../../Users/haytamhuang/Documents/Unreal Projects/FPSscene/Content/Geometry/Meshes/1M_Cube.uasset" SILENT=true
[2021.06.01-02.04.30:497][573]LogSavePackage: Moving '../../../../../../Users/haytamhuang/Documents/Unreal Projects/FPSscene/Saved/1M_Cube392781E144E1BC766D99E9A97221402D.tmp' to '../../../../../../Users/haytamhuang/Documents/Unreal Projects/FPSscene/Content/Geometry/Meshes/1M_Cube.uasset'
[2021.06.01-02.04.31:700][716]LogSlate: FSceneViewport::OnFocusLost() reason 0
[2021.06.01-02.04.35:608][729]LogSlate: Window 'Message' being destroyed
[2021.06.01-02.04.35:617][729]LogSlate: FSceneViewport::OnFocusLost() reason 2
[2021.06.01-02.04.35:621][729]LogStaticMesh: Building static mesh 1M_Cube...
[2021.06.01-02.04.35:625][729]LogStaticMesh: Built static mesh [0.00s] /Game/Geometry/Meshes/1M_Cube.1M_Cube
[2021.06.01-02.04.35:644][729]LogSlate: Window '1M_Cube' being destroyed
[2021.06.01-02.04.35:646][729]LogSlate: Window '1M_Cube' being destroyed
[2021.06.01-02.04.43:737][679]LogSlate: FSceneViewport::OnFocusLost() reason 0
[2021.06.01-02.04.48:600][262]LogEditorViewport: Clicking on Actor (LMB): StaticMeshActor (Floor)
[2021.06.01-02.04.51:213][571]LogEditorViewport: Clicking on Actor (LMB): StaticMeshActor (EditorCube15)
[2021.06.01-02.04.52:101][674]LogSlate: FSceneViewport::OnFocusLost() reason 0
[2021.06.01-02.04.55:405][ 70]LogEditorViewport: Clicking on Actor (LMB): StaticMeshActor (EditorCube17)
[2021.06.01-02.04.56:920][248]LogSlate: FSceneViewport::OnFocusLost() reason 0
[2021.06.01-02.05.00:017][619]LogEditorViewport: Clicking on Actor (LMB): StaticMeshActor (EditorCube16)
[2021.06.01-02.05.01:230][761]LogSlate: FSceneViewport::OnFocusLost() reason 0
[2021.06.01-02.05.04:476][150]LogEditorViewport: Clicking on Actor (LMB): StaticMeshActor (Cube)
[2021.06.01-02.05.07:724][536]LogEditorViewport: Clicking on Actor (context menu): StaticMeshActor (Cube)
[2021.06.01-02.05.07:740][536]LogSlate: FSceneViewport::OnFocusLost() reason 2
[2021.06.01-02.05.09:101][699]LogSlate: FSceneViewport::OnFocusLost() reason 5
[2021.06.01-02.05.09:106][699]LogAssetEditorManager: Opening Asset editor for StaticMesh /Engine/BasicShapes/Cube.Cube
[2021.06.01-02.05.41:001][493]LogSlate: FSceneViewport::OnFocusLost() reason 2
[2021.06.01-02.05.41:018][493]Cmd: OBJ SAVEPACKAGE PACKAGE="/Engine/BasicShapes/Cube" FILE="../../../Engine/Content/BasicShapes/Cube.uasset" SILENT=true
[2021.06.01-02.05.41:030][493]LogSavePackage: Moving '../../../../../../Users/haytamhuang/Documents/Unreal Projects/FPSscene/Saved/Cube436B98604D1418A0AC08CBBFA1F846F2.tmp' to '../../../Engine/Content/BasicShapes/Cube.uasset'
[2021.06.01-02.05.42:585][678]LogSlate: FSceneViewport::OnFocusLost() reason 2
[2021.06.01-02.05.44:981][964]LogSlate: FSceneViewport::OnFocusLost() reason 0
[2021.06.01-02.05.52:753][713]LogSlate: FSceneViewport::OnFocusLost() reason 0
[2021.06.01-02.05.56:016][729]LogSlate: Window 'Message' being destroyed
[2021.06.01-02.05.56:026][729]LogSlate: FSceneViewport::OnFocusLost() reason 2
[2021.06.01-02.05.56:030][729]LogStaticMesh: Building static mesh Cube...
[2021.06.01-02.05.56:031][729]LogStaticMesh: Built static mesh [0.00s] /Engine/BasicShapes/Cube.Cube
[2021.06.01-02.05.56:046][729]LogSlate: Window 'Cube' being destroyed
[2021.06.01-02.05.56:047][729]LogSlate: Window 'Cube' being destroyed
[2021.06.01-02.05.59:435][114]LogSlate: FSceneViewport::OnFocusLost() reason 0
[2021.06.01-02.06.05:591][852]LogEditorViewport: Clicking on Actor (LMB): StaticMeshActor (Cube)
[2021.06.01-02.06.07:668][100]LogSlate: FSceneViewport::OnFocusLost() reason 0
[2021.06.01-02.06.10:911][487]LogAssetEditorManager: Opening Asset editor for StaticMesh /Engine/BasicShapes/Cube.Cube
[2021.06.01-02.06.13:636][780]LogSlate: Window 'Cube' being destroyed
[2021.06.01-02.06.13:641][780]LogSlate: Window 'Cube' being destroyed
[2021.06.01-02.06.14:272][848]LogEditorViewport: Clicking on Actor (LMB): StaticMeshActor (Cube2)
[2021.06.01-02.06.16:386][ 98]LogSlate: FSceneViewport::OnFocusLost() reason 0
[2021.06.01-02.06.22:527][834]LogEditorViewport: Clicking on Actor (LMB): StaticMeshActor (Floor)
[2021.06.01-02.06.23:218][913]LogEditorViewport: Clicking on Actor (LMB): StaticMeshActor (Cube)
[2021.06.01-02.06.27:431][413]LogEditorViewport: Clicking on Actor (LMB): StaticMeshActor (EditorCube15)
[2021.06.01-02.06.34:511][250]LogEditorViewport: Clicking on Actor (LMB): StaticMeshActor (Cube2)
[2021.06.01-02.06.39:165][803]LogEditorViewport: Clicking on Actor (LMB): StaticMeshActor (EditorCube20)
[2021.06.01-02.06.48:292][891]LogEditorViewport: Clicking on Actor (LMB): StaticMeshActor (Floor)
[2021.06.01-02.06.48:808][949]LogEditorViewport: Clicking on Actor (LMB): StaticMeshActor (Floor)
[2021.06.01-02.06.52:141][346]LogEditorViewport: Clicking on Actor (LMB): StaticMeshActor (EditorCube20)
[2021.06.01-02.06.53:123][460]LogEditorViewport: Clicking on Actor (LMB): StaticMeshActor (Cube2)
[2021.06.01-02.06.54:271][594]LogEditorViewport: Clicking on Actor (LMB): StaticMeshActor (Bigwall)
[2021.06.01-02.07.00:616][351]LogEditorViewport: Clicking on Actor (LMB): StaticMeshActor (EditorCube19)
[2021.06.01-02.07.10:158][491]LogEditorViewport: Clicking on Actor (LMB): BP_Sky_Sphere_C (SkySphereBlueprint)
[2021.06.01-02.07.10:748][558]LogSlate: FSceneViewport::OnFocusLost() reason 2
[2021.06.01-02.07.10:778][558]LogUObjectHash: Compacting FUObjectHashTables data took   1.14ms
[2021.06.01-02.07.10:873][558]LogSavePackage: Moving '../../../../../../Users/haytamhuang/Documents/Unreal Projects/FPSscene/Saved/FirstPersonExampleMapE1F559DA4B5D6EC672322D8A647E327F.tmp' to '../../../../../../Users/haytamhuang/Documents/Unreal Projects/FPSscene/Content/FirstPersonCPP/Maps/FirstPersonExampleMap.umap'
[2021.06.01-02.07.11:038][558]LogSavePackage: Moving '../../../../../../Users/haytamhuang/Documents/Unreal Projects/FPSscene/Saved/FirstPersonExampleMap_BuiltDataCCAC5C04424DC45CF10538AA5EADF404.tmp' to '../../../../../../Users/haytamhuang/Documents/Unreal Projects/FPSscene/Content/FirstPersonCPP/Maps/FirstPersonExampleMap_BuiltData.uasset'
[2021.06.01-02.07.11:846][653]LogTemp: Repeating last play command: Selected Viewport
[2021.06.01-02.07.11:853][653]LogBlueprintUserMessages: Early PlayInEditor Detection: Level '/Game/FirstPersonCPP/Maps/FirstPersonExampleMap.FirstPersonExampleMap:PersistentLevel' has LevelScriptBlueprint '/Game/FirstPersonCPP/Maps/FirstPersonExampleMap.FirstPersonExampleMap:PersistentLevel.FirstPersonExampleMap' with GeneratedClass '/Game/FirstPersonCPP/Maps/FirstPersonExampleMap.FirstPersonExampleMap_C' with ClassGeneratedBy '/Game/FirstPersonCPP/Maps/FirstPersonExampleMap.FirstPersonExampleMap:PersistentLevel.FirstPersonExampleMap'
[2021.06.01-02.07.11:853][653]LogPlayLevel: PlayLevel: No blueprints needed recompiling
[2021.06.01-02.07.11:854][653]PIE: New page: PIE session: FirstPersonExampleMap (Jun 1, 2021, 6:07:11 PM)
[2021.06.01-02.07.11:866][653]LogPlayLevel: Creating play world package: /Game/FirstPersonCPP/Maps/UEDPIE_0_FirstPersonExampleMap
[2021.06.01-02.07.11:875][653]LogPlayLevel: PIE: StaticDuplicateObject took: (0.009273s)
[2021.06.01-02.07.11:876][653]LogAIModule: Creating AISystem for world FirstPersonExampleMap
[2021.06.01-02.07.11:876][653]LogPlayLevel: PIE: World Init took: (0.000706s)
[2021.06.01-02.07.11:876][653]LogPlayLevel: PIE: Created PIE world by copying editor world from /Game/FirstPersonCPP/Maps/FirstPersonExampleMap.FirstPersonExampleMap to /Game/FirstPersonCPP/Maps/UEDPIE_0_FirstPersonExampleMap.FirstPersonExampleMap (0.010319s)
[2021.06.01-02.07.11:902][653]LogUObjectHash: Compacting FUObjectHashTables data took   1.23ms
[2021.06.01-02.07.11:907][653]LogInit: XAudio2 using 'P24i-10 (NVIDIA High Definition Audio)' : 2 channels at 48 kHz using 16 bits per sample (channel mask 0x3)
[2021.06.01-02.07.11:916][653]LogInit: FAudioDevice initialized.
[2021.06.01-02.07.11:973][653]LogLoad: Game class is 'GameModeBP_C'
[2021.06.01-02.07.11:977][653]LogWorld: Bringing World /Game/FirstPersonCPP/Maps/UEDPIE_0_FirstPersonExampleMap.FirstPersonExampleMap up for play (max tick rate 0) at 2021.06.01-10.07.11
[2021.06.01-02.07.11:978][653]LogWorld: Bringing up level for play took: 0.002164
[2021.06.01-02.07.11:994][653]LogContentBrowser: Native class hierarchy updated for 'MovieSceneCapture' in 0.0004 seconds. Added 20 classes and 0 folders.
[2021.06.01-02.07.11:995][653]LogSkinnedMeshComp: Warning: GetSocketByName(GripPoint): No SkeletalMesh for Component(CharacterMesh1P) Actor(FPSsceneCharacter_2)
[2021.06.01-02.07.11:995][653]LogSkinnedMeshComp: Warning: GetSocketByName(GripPoint): No SkeletalMesh for Component(CharacterMesh1P) Actor(FPSsceneCharacter_2)
[2021.06.01-02.07.11:995][653]PIE: Play in editor start time for /Game/FirstPersonCPP/Maps/UEDPIE_0_FirstPersonExampleMap 0.312
[2021.06.01-02.07.11:995][653]LogBlueprintUserMessages: Late PlayInEditor Detection: Level '/Game/FirstPersonCPP/Maps/FirstPersonExampleMap.FirstPersonExampleMap:PersistentLevel' has LevelScriptBlueprint '/Game/FirstPersonCPP/Maps/FirstPersonExampleMap.FirstPersonExampleMap:PersistentLevel.FirstPersonExampleMap' with GeneratedClass '/Game/FirstPersonCPP/Maps/FirstPersonExampleMap.FirstPersonExampleMap_C' with ClassGeneratedBy '/Game/FirstPersonCPP/Maps/FirstPersonExampleMap.FirstPersonExampleMap:PersistentLevel.FirstPersonExampleMap'
[2021.06.01-02.07.11:995][653]LogSkinnedMeshComp: Warning: GetSocketByName(GripPoint): No SkeletalMesh for Component(CharacterMesh1P) Actor(FPSsceneCharacter_2)
[2021.06.01-02.07.12:020][654]LogSkinnedMeshComp: Warning: GetSocketByName(GripPoint): No SkeletalMesh for Component(CharacterMesh1P) Actor(FPSsceneCharacter_2)
[2021.06.01-02.07.12:029][655]LogSkinnedMeshComp: Warning: GetSocketByName(GripPoint): No SkeletalMesh for Component(CharacterMesh1P) Actor(FPSsceneCharacter_2)
[2021.06.01-02.07.12:036][656]LogSkinnedMeshComp: Warning: GetSocketByName(GripPoint): No SkeletalMesh for Component(CharacterMesh1P) Actor(FPSsceneCharacter_2)
[2021.06.01-02.07.12:044][657]LogSkinnedMeshComp: Warning: GetSocketByName(GripPoint): No SkeletalMesh for Component(CharacterMesh1P) Actor(FPSsceneCharacter_2)
[2021.06.01-02.07.12:052][658]LogSkinnedMeshComp: Warning: GetSocketByName(GripPoint): No SkeletalMesh for Component(CharacterMesh1P) Actor(FPSsceneCharacter_2)
[2021.06.01-02.07.12:061][659]LogSkinnedMeshComp: Warning: GetSocketByName(GripPoint): No SkeletalMesh for Component(CharacterMesh1P) Actor(FPSsceneCharacter_2)
[2021.06.01-02.07.12:069][660]LogSkinnedMeshComp: Warning: GetSocketByName(GripPoint): No SkeletalMesh for Component(CharacterMesh1P) Actor(FPSsceneCharacter_2)
[2021.06.01-02.07.12:077][661]LogSkinnedMeshComp: Warning: GetSocketByName(GripPoint): No SkeletalMesh for Component(CharacterMesh1P) Actor(FPSsceneCharacter_2)
[2021.06.01-02.07.12:085][662]LogSkinnedMeshComp: Warning: GetSocketByName(GripPoint): No SkeletalMesh for Component(CharacterMesh1P) Actor(FPSsceneCharacter_2)
[2021.06.01-02.07.12:094][663]LogSkinnedMeshComp: Warning: GetSocketByName(GripPoint): No SkeletalMesh for Component(CharacterMesh1P) Actor(FPSsceneCharacter_2)
[2021.06.01-02.07.12:102][664]LogSkinnedMeshComp: Warning: GetSocketByName(GripPoint): No SkeletalMesh for Component(CharacterMesh1P) Actor(FPSsceneCharacter_2)
[2021.06.01-02.07.12:110][665]LogSkinnedMeshComp: Warning: GetSocketByName(GripPoint): No SkeletalMesh for Component(CharacterMesh1P) Actor(FPSsceneCharacter_2)
[2021.06.01-02.07.12:119][666]LogSkinnedMeshComp: Warning: GetSocketByName(GripPoint): No SkeletalMesh for Component(CharacterMesh1P) Actor(FPSsceneCharacter_2)
[2021.06.01-02.07.12:128][667]LogSkinnedMeshComp: Warning: GetSocketByName(GripPoint): No SkeletalMesh for Component(CharacterMesh1P) Actor(FPSsceneCharacter_2)
[2021.06.01-02.07.12:136][668]LogSkinnedMeshComp: Warning: GetSocketByName(GripPoint): No SkeletalMesh for Component(CharacterMesh1P) Actor(FPSsceneCharacter_2)
[2021.06.01-02.07.12:144][669]LogSkinnedMeshComp: Warning: GetSocketByName(GripPoint): No SkeletalMesh for Component(CharacterMesh1P) Actor(FPSsceneCharacter_2)
[2021.06.01-02.07.12:153][670]LogSkinnedMeshComp: Warning: GetSocketByName(GripPoint): No SkeletalMesh for Component(CharacterMesh1P) Actor(FPSsceneCharacter_2)
[2021.06.01-02.07.12:161][671]LogSkinnedMeshComp: Warning: GetSocketByName(GripPoint): No SkeletalMesh for Component(CharacterMesh1P) Actor(FPSsceneCharacter_2)
[2021.06.01-02.07.12:169][672]LogSkinnedMeshComp: Warning: GetSocketByName(GripPoint): No SkeletalMesh for Component(CharacterMesh1P) Actor(FPSsceneCharacter_2)
[2021.06.01-02.07.12:178][673]LogSkinnedMeshComp: Warning: GetSocketByName(GripPoint): No SkeletalMesh for Component(CharacterMesh1P) Actor(FPSsceneCharacter_2)
[2021.06.01-02.07.12:187][674]LogSkinnedMeshComp: Warning: GetSocketByName(GripPoint): No SkeletalMesh for Component(CharacterMesh1P) Actor(FPSsceneCharacter_2)
[2021.06.01-02.07.12:194][675]LogSkinnedMeshComp: Warning: GetSocketByName(GripPoint): No SkeletalMesh for Component(CharacterMesh1P) Actor(FPSsceneCharacter_2)
[2021.06.01-02.07.12:203][676]LogSkinnedMeshComp: Warning: GetSocketByName(GripPoint): No SkeletalMesh for Component(CharacterMesh1P) Actor(FPSsceneCharacter_2)
[2021.06.01-02.07.12:211][677]LogSkinnedMeshComp: Warning: GetSocketByName(GripPoint): No SkeletalMesh for Component(CharacterMesh1P) Actor(FPSsceneCharacter_2)
[2021.06.01-02.07.12:220][678]LogSkinnedMeshComp: Warning: GetSocketByName(GripPoint): No SkeletalMesh for Component(CharacterMesh1P) Actor(FPSsceneCharacter_2)
[2021.06.01-02.07.12:228][679]LogSkinnedMeshComp: Warning: GetSocketByName(GripPoint): No SkeletalMesh for Component(CharacterMesh1P) Actor(FPSsceneCharacter_2)
[2021.06.01-02.07.12:236][680]LogSkinnedMeshComp: Warning: GetSocketByName(GripPoint): No SkeletalMesh for Component(CharacterMesh1P) Actor(FPSsceneCharacter_2)
[2021.06.01-02.07.12:244][681]LogSkinnedMeshComp: Warning: GetSocketByName(GripPoint): No SkeletalMesh for Component(CharacterMesh1P) Actor(FPSsceneCharacter_2)
[2021.06.01-02.07.12:253][682]LogSkinnedMeshComp: Warning: GetSocketByName(GripPoint): No SkeletalMesh for Component(CharacterMesh1P) Actor(FPSsceneCharacter_2)
[2021.06.01-02.07.12:261][683]LogSkinnedMeshComp: Warning: GetSocketByName(GripPoint): No SkeletalMesh for Component(CharacterMesh1P) Actor(FPSsceneCharacter_2)
[2021.06.01-02.07.12:269][684]LogSkinnedMeshComp: Warning: GetSocketByName(GripPoint): No SkeletalMesh for Component(CharacterMesh1P) Actor(FPSsceneCharacter_2)
[2021.06.01-02.07.12:277][685]LogSkinnedMeshComp: Warning: GetSocketByName(GripPoint): No SkeletalMesh for Component(CharacterMesh1P) Actor(FPSsceneCharacter_2)
[2021.06.01-02.07.12:286][686]LogSkinnedMeshComp: Warning: GetSocketByName(GripPoint): No SkeletalMesh for Component(CharacterMesh1P) Actor(FPSsceneCharacter_2)
[2021.06.01-02.07.12:294][687]LogSkinnedMeshComp: Warning: GetSocketByName(GripPoint): No SkeletalMesh for Component(CharacterMesh1P) Actor(FPSsceneCharacter_2)
[2021.06.01-02.07.12:302][688]LogSkinnedMeshComp: Warning: GetSocketByName(GripPoint): No SkeletalMesh for Component(CharacterMesh1P) Actor(FPSsceneCharacter_2)
[2021.06.01-02.07.12:311][689]LogSkinnedMeshComp: Warning: GetSocketByName(GripPoint): No SkeletalMesh for Component(CharacterMesh1P) Actor(FPSsceneCharacter_2)
[2021.06.01-02.07.12:319][690]LogSkinnedMeshComp: Warning: GetSocketByName(GripPoint): No SkeletalMesh for Component(CharacterMesh1P) Actor(FPSsceneCharacter_2)
[2021.06.01-02.07.12:328][691]LogSkinnedMeshComp: Warning: GetSocketByName(GripPoint): No SkeletalMesh for Component(CharacterMesh1P) Actor(FPSsceneCharacter_2)
[2021.06.01-02.07.12:336][692]LogSkinnedMeshComp: Warning: GetSocketByName(GripPoint): No SkeletalMesh for Component(CharacterMesh1P) Actor(FPSsceneCharacter_2)
[2021.06.01-02.07.12:344][693]LogSkinnedMeshComp: Warning: GetSocketByName(GripPoint): No SkeletalMesh for Component(CharacterMesh1P) Actor(FPSsceneCharacter_2)
[2021.06.01-02.07.27:486][510]LogTemp: Warning: ->Launch
[2021.06.01-02.07.28:580][641]LogBlueprintUserMessages: Early EndPlayMap Detection: Level '/Game/FirstPersonCPP/Maps/FirstPersonExampleMap.FirstPersonExampleMap:PersistentLevel' has LevelScriptBlueprint '/Game/FirstPersonCPP/Maps/FirstPersonExampleMap.FirstPersonExampleMap:PersistentLevel.FirstPersonExampleMap' with GeneratedClass '/Game/FirstPersonCPP/Maps/FirstPersonExampleMap.FirstPersonExampleMap_C' with ClassGeneratedBy '/Game/FirstPersonCPP/Maps/FirstPersonExampleMap.FirstPersonExampleMap:PersistentLevel.FirstPersonExampleMap'
[2021.06.01-02.07.28:580][641]LogSlate: Updating window title bar state: overlay mode, drag disabled, window buttons hidden, title bar hidden
[2021.06.01-02.07.28:608][641]LogPlayLevel: Display: Shutting down PIE online subsystems
[2021.06.01-02.07.28:608][641]LogBlueprintUserMessages: Late EndPlayMap Detection: Level '/Game/FirstPersonCPP/Maps/FirstPersonExampleMap.FirstPersonExampleMap:PersistentLevel' has LevelScriptBlueprint '/Game/FirstPersonCPP/Maps/FirstPersonExampleMap.FirstPersonExampleMap:PersistentLevel.FirstPersonExampleMap' with GeneratedClass '/Game/FirstPersonCPP/Maps/FirstPersonExampleMap.FirstPersonExampleMap_C' with ClassGeneratedBy '/Game/FirstPersonCPP/Maps/FirstPersonExampleMap.FirstPersonExampleMap:PersistentLevel.FirstPersonExampleMap'
[2021.06.01-02.07.28:633][641]LogSlate: Updating window title bar state: overlay mode, drag disabled, window buttons hidden, title bar hidden
[2021.06.01-02.07.28:636][641]LogUObjectHash: Compacting FUObjectHashTables data took   1.32ms
[2021.06.01-02.07.28:685][645]LogPlayLevel: Display: Destroying online subsystem :Context_7
[2021.06.01-02.17.27:753][609]LogUObjectHash: Compacting FUObjectHashTables data took   0.64ms
[2021.06.01-02.17.27:753][609]LogFileHelpers: Editor autosave (incl. sublevels) for '/Game/FirstPersonCPP/Maps/FirstPersonExampleMap' took 0.023
[2021.06.01-02.17.27:754][609]OBJ SavePackage: Generating thumbnails for [1] asset(s) in package [/Engine/BasicShapes/Cube] ([1] browsable assets)...
[2021.06.01-02.17.27:792][609]OBJ SavePackage:     Rendered thumbnail for [StaticMesh /Engine/BasicShapes/Cube.Cube]
[2021.06.01-02.17.27:792][609]OBJ SavePackage: Finished generating thumbnails for package [/Engine/BasicShapes/Cube]
[2021.06.01-02.17.27:804][609]LogSavePackage: Moving '../../../../../../Users/haytamhuang/Documents/Unreal Projects/FPSscene/Saved/Cube_Auto178F9FE2D4AAD474EDD9B148AA0DD970E.tmp' to '../../../../../../Users/haytamhuang/Documents/Unreal Projects/FPSscene/Saved/Autosaves/Engine/BasicShapes/Cube_Auto1.uasset'
[2021.06.01-02.17.27:806][609]OBJ SavePackage: Generating thumbnails for [1] asset(s) in package [/Game/Geometry/Meshes/1M_Cube] ([1] browsable assets)...
[2021.06.01-02.17.27:824][609]OBJ SavePackage:     Rendered thumbnail for [StaticMesh /Game/Geometry/Meshes/1M_Cube.1M_Cube]
[2021.06.01-02.17.27:824][609]OBJ SavePackage: Finished generating thumbnails for package [/Game/Geometry/Meshes/1M_Cube]
[2021.06.01-02.17.27:835][609]LogSavePackage: Moving '../../../../../../Users/haytamhuang/Documents/Unreal Projects/FPSscene/Saved/1M_Cube_Auto1590A3A0F486093ED9B9EF6963DBB82C8.tmp' to '../../../../../../Users/haytamhuang/Documents/Unreal Projects/FPSscene/Saved/Autosaves/Game/Geometry/Meshes/1M_Cube_Auto1.uasset'
[2021.06.01-02.17.27:836][609]LogFileHelpers: Auto-saving content packages took 0.082
[2021.06.01-02.39.53:724][646]LogAudio: Warning: Current Audio Device with ID {0.0.0.00000000}.{4321bbcd-fcb5-4bbe-b055-dffc9cfdd1c6} was removed. Shutting down audio device.
[2021.06.01-02.39.53:724][646]LogInit: No audio devices found!
[2021.06.01-02.43.23:741][275]LogAudio: Warning: Current Audio Device with ID {0.0.0.00000000}.{4321bbcd-fcb5-4bbe-b055-dffc9cfdd1c6} was removed. Shutting down audio device.
[2021.06.01-02.43.23:741][275]LogInit: No audio devices found!
[2021.06.01-02.43.24:047][276]LogInit: XAudio2 using 'P24i-10 (NVIDIA High Definition Audio)' : 2 channels at 48 kHz using 16 bits per sample (channel mask 0x3)
